{"logTime": "0314/155543", "correlationVector":"cwDgHqVNMTnRQJKaEEA81M.2","action":"Commit Response", "result":"SYNCER_OK", "context":Result: SYNCER_OK. cV=cwDgHqVNMTnRQJKaEEA81M.0;server=GENERAL0300001B;cloudType=Consumer;environment=Prod_SoutheastAsia_000j;migrationStage=NotStarted}
{"logTime": "0314/155626", "correlationVector":"V7NvxHeLln4RGrKmuQXNDc","action":"Commit Request", "result":"", "context":Item count: 1
Contributing types: Sessions}
{"logTime": "0314/155626", "correlationVector":"V7NvxHeLln4RGrKmuQXNDc.1","action":"SyncServerConnectionManagerRequest", "result":"SYNC_SERVER_OK", "context":{"environment":"Prod_SoutheastAsia_000j", "migrationStage":"NotStarted", "server":"GENERAL0300001P"}}
{"logTime": "0314/155626", "correlationVector":"V7NvxHeLln4RGrKmuQXNDc.2","action":"Commit Response", "result":"SYNCER_OK", "context":Result: SYNCER_OK. cV=V7NvxHeLln4RGrKmuQXNDc.0;server=GENERAL0300001P;cloudType=Consumer;environment=Prod_SoutheastAsia_000j;migrationStage=NotStarted}
{"logTime": "0314/155847", "correlationVector":"lKBsrqKnjteAdAN1qer6f1","action":"Commit Request", "result":"", "context":Item count: 1
Contributing types: Sessions}
{"logTime": "0314/155847", "correlationVector":"lKBsrqKnjteAdAN1qer6f1.1","action":"SyncServerConnectionManagerRequest", "result":"SYNC_SERVER_OK", "context":{"environment":"Prod_SoutheastAsia_000j", "migrationStage":"NotStarted", "server":"GENERAL0100000Q"}}
{"logTime": "0314/155847", "correlationVector":"lKBsrqKnjteAdAN1qer6f1.2","action":"Commit Response", "result":"SYNCER_OK", "context":Result: SYNCER_OK. cV=lKBsrqKnjteAdAN1qer6f1.0;server=GENERAL0100000Q;cloudType=Consumer;environment=Prod_SoutheastAsia_000j;migrationStage=NotStarted}
{"logTime": "0314/160056", "correlationVector":"oNkw2nC2hTXspcSWVvaws0","action":"Commit Request", "result":"", "context":Item count: 1
Contributing types: Sessions}
{"logTime": "0314/160057", "correlationVector":"oNkw2nC2hTXspcSWVvaws0.1","action":"SyncServerConnectionManagerRequest", "result":"SYNC_SERVER_OK", "context":{"environment":"Prod_SoutheastAsia_000j", "migrationStage":"NotStarted", "server":"GENERAL0300001E"}}
{"logTime": "0314/160057", "correlationVector":"oNkw2nC2hTXspcSWVvaws0.2","action":"Commit Response", "result":"SYNCER_OK", "context":Result: SYNCER_OK. cV=oNkw2nC2hTXspcSWVvaws0.0;server=GENERAL0300001E;cloudType=Consumer;environment=Prod_SoutheastAsia_000j;migrationStage=NotStarted}
{"logTime": "0314/160522", "correlationVector":"a0fBZFrCXeFblQxGvSGXgU","action":"Commit Request", "result":"", "context":Item count: 1
Contributing types: Sessions}
{"logTime": "0314/160523", "correlationVector":"a0fBZFrCXeFblQxGvSGXgU.1","action":"SyncServerConnectionManagerRequest", "result":"SYNC_SERVER_OK", "context":{"environment":"Prod_SoutheastAsia_000j", "migrationStage":"NotStarted", "server":"GENERAL0300001W"}}
{"logTime": "0314/160523", "correlationVector":"a0fBZFrCXeFblQxGvSGXgU.2","action":"Commit Response", "result":"SYNCER_OK", "context":Result: SYNCER_OK. cV=a0fBZFrCXeFblQxGvSGXgU.0;server=GENERAL0300001W;cloudType=Consumer;environment=Prod_SoutheastAsia_000j;migrationStage=NotStarted}
{"logTime": "0314/160711", "correlationVector":"vN1C4YNAA8uf4eiUBiheco","action":"Commit Request", "result":"", "context":Item count: 1
Contributing types: Sessions}
{"logTime": "0314/160711", "correlationVector":"vN1C4YNAA8uf4eiUBiheco.1","action":"SyncServerConnectionManagerRequest", "result":"SYNC_SERVER_OK", "context":{"environment":"Prod_SoutheastAsia_000j", "migrationStage":"NotStarted", "server":"GENERAL0300001Y"}}
{"logTime": "0314/160711", "correlationVector":"vN1C4YNAA8uf4eiUBiheco.2","action":"Commit Response", "result":"SYNCER_OK", "context":Result: SYNCER_OK. cV=vN1C4YNAA8uf4eiUBiheco.0;server=GENERAL0300001Y;cloudType=Consumer;environment=Prod_SoutheastAsia_000j;migrationStage=NotStarted}
{"logTime": "0314/160823", "correlationVector":"njmf7NSdQ1CFb/oOnf80qy","action":"Commit Request", "result":"", "context":Item count: 1
Contributing types: Sessions}
{"logTime": "0314/160824", "correlationVector":"njmf7NSdQ1CFb/oOnf80qy.1","action":"SyncServerConnectionManagerRequest", "result":"SYNC_SERVER_OK", "context":{"environment":"Prod_SoutheastAsia_000j", "migrationStage":"NotStarted", "server":"GENERAL0300000L"}}
{"logTime": "0314/160824", "correlationVector":"njmf7NSdQ1CFb/oOnf80qy.2","action":"Commit Response", "result":"SYNCER_OK", "context":Result: SYNCER_OK. cV=njmf7NSdQ1CFb/oOnf80qy.0;server=GENERAL0300000L;cloudType=Consumer;environment=Prod_SoutheastAsia_000j;migrationStage=NotStarted}
{"logTime": "0314/160950", "correlationVector":"Y16BLLOfHKETySn58l7TPF.1","action":"SyncServerConnectionManagerRequest", "result":"SYNC_SERVER_OK", "context":{"environment":"Prod_SoutheastAsia_000j", "migrationStage":"NotStarted", "server":"GENERAL0100001D"}}
{"logTime": "0314/160950", "correlationVector":"Y16BLLOfHKETySn58l7TPF","action":"Initial GetUpdates", "result":"", "context":Reason: NEW_CLIENT. cV=Y16BLLOfHKETySn58l7TPF}
{"logTime": "0314/160950", "correlationVector":"Y16BLLOfHKETySn58l7TPF.2","action":"GetUpdates Response", "result":"SYNCER_OK", "context":Received 1 update(s). cV=Y16BLLOfHKETySn58l7TPF.0;server=GENERAL0100001D;cloudType=Consumer;environment=Prod_SoutheastAsia_000j;migrationStage=NotStarted}
{"logTime": "0314/160950", "correlationVector":"bd9WAGw6NEAgIbOTESYdU+","action":"Initial GetUpdates", "result":"", "context":Reason: NEWLY_SUPPORTED_DATATYPE. cV=bd9WAGw6NEAgIbOTESYdU+}
{"logTime": "0314/160950", "correlationVector":"bd9WAGw6NEAgIbOTESYdU+.1","action":"SyncServerConnectionManagerRequest", "result":"SYNC_SERVER_OK", "context":{"environment":"Prod_SoutheastAsia_000j", "migrationStage":"NotStarted", "server":"GENERAL03000021"}}
{"logTime": "0314/160950", "correlationVector":"bd9WAGw6NEAgIbOTESYdU+.2","action":"GetUpdates", "result":"DeleteReceived", "context":{"id":"1e63a567-3005-4c10-b9a8-9870642234b1", "isDeleted:":"true", "version":"1688548102224"}}
{"logTime": "0314/160950", "correlationVector":"bd9WAGw6NEAgIbOTESYdU+.3","action":"GetUpdates", "result":"DeleteReceived", "context":{"id":"82d4ce67-7377-4f39-b1e3-a5cb42f6c26e", "isDeleted:":"true", "version":"1691545978373"}}
{"logTime": "0314/160950", "correlationVector":"bd9WAGw6NEAgIbOTESYdU+.4","action":"GetUpdates", "result":"DeleteReceived", "context":{"id":"d554f420-3eed-4bcc-96b5-6203d373cb9f", "isDeleted:":"true", "version":"1692586955242"}}
{"logTime": "0314/160950", "correlationVector":"bd9WAGw6NEAgIbOTESYdU+.5","action":"GetUpdates", "result":"DeleteReceived", "context":{"id":"a4e47529-b70f-4ad5-82a3-ad8f7fc885ec", "isDeleted:":"true", "version":"1694314961375"}}
{"logTime": "0314/160950", "correlationVector":"bd9WAGw6NEAgIbOTESYdU+.6","action":"GetUpdates", "result":"DeleteReceived", "context":{"id":"7f1f2bfb-8f7d-4515-bda8-4a7d5320ceba", "isDeleted:":"true", "version":"1694314961376"}}
{"logTime": "0314/160950", "correlationVector":"bd9WAGw6NEAgIbOTESYdU+.7","action":"GetUpdates", "result":"DeleteReceived", "context":{"id":"0908ea08-7604-44e2-aeda-c827066ea560", "isDeleted:":"true", "version":"1694314973219"}}
{"logTime": "0314/160950", "correlationVector":"bd9WAGw6NEAgIbOTESYdU+.8","action":"GetUpdates Response", "result":"SERVER_MORE_TO_DOWNLOAD", "context":Received 250 update(s).  Some updates remain.}
{"logTime": "0314/160950", "correlationVector":"Tcu9gDdfVJFwjJoxKyYqlf","action":"Initial GetUpdates", "result":"", "context":Reason: NEWLY_SUPPORTED_DATATYPE. cV=Tcu9gDdfVJFwjJoxKyYqlf}
{"logTime": "0314/160950", "correlationVector":"Tcu9gDdfVJFwjJoxKyYqlf.1","action":"SyncServerConnectionManagerRequest", "result":"SYNC_SERVER_OK", "context":{"environment":"Prod_SoutheastAsia_000j", "migrationStage":"NotStarted", "server":"GENERAL0300000C"}}
{"logTime": "0314/160950", "correlationVector":"Tcu9gDdfVJFwjJoxKyYqlf.2","action":"GetUpdates Response", "result":"SYNCER_OK", "context":Received 55 update(s). cV=Tcu9gDdfVJFwjJoxKyYqlf.0;server=GENERAL0300000C;cloudType=Consumer;environment=Prod_SoutheastAsia_000j;migrationStage=NotStarted}
{"logTime": "0314/160950", "correlationVector":"kaEklkl1I2XIc8U1LsI4AR","action":"SyncServerConnectionManagerRequest", "result":"SYNC_SERVER_OK", "context":{"environment":"", "migrationStage":"", "server":""}}
{"logTime": "0314/160950", "correlationVector":"1K9t4m4dr3NuFSbh89HXKk","action":"Normal GetUpdate request", "result":"", "context":cV=1K9t4m4dr3NuFSbh89HXKk
Nudged types: Sessions
Refresh requested types: Bookmarks, Preferences, Passwords, Autofill, Typed URLs, Extensions, Sessions, Extension settings, History Delete Directives, Device Info, User Consents, Send Tab To Self, Web Apps, Collection, Edge E Drop, Edge Hub App Usage, Edge Wallet, Encryption Keys}
{"logTime": "0314/160950", "correlationVector":"1K9t4m4dr3NuFSbh89HXKk.1","action":"SyncServerConnectionManagerRequest", "result":"SYNC_SERVER_OK", "context":{"environment":"Prod_SoutheastAsia_000j", "migrationStage":"NotStarted", "server":"GENERAL03000023"}}
{"logTime": "0314/160950", "correlationVector":"1K9t4m4dr3NuFSbh89HXKk.2","action":"GetUpdates", "result":"DeleteReceived", "context":{"id":"cdbb7e8b-b150-4f25-a3b2-a71ca482c84f", "isDeleted:":"true", "version":"1710431626494"}}
{"logTime": "0314/160950", "correlationVector":"1K9t4m4dr3NuFSbh89HXKk.3","action":"GetUpdates Response", "result":"SYNCER_OK", "context":Received 12 update(s). cV=1K9t4m4dr3NuFSbh89HXKk.0;server=GENERAL03000023;cloudType=Consumer;environment=Prod_SoutheastAsia_000j;migrationStage=NotStarted}
{"logTime": "0314/160950", "correlationVector":"2c8R3RoTu1rYROPp6wzwie","action":"Commit Request", "result":"", "context":Item count: 3
Contributing types: Sessions}
{"logTime": "0314/160950", "correlationVector":"2c8R3RoTu1rYROPp6wzwie.1","action":"SyncServerConnectionManagerRequest", "result":"SYNC_SERVER_OK", "context":{"environment":"Prod_SoutheastAsia_000j", "migrationStage":"NotStarted", "server":"GENERAL03000021"}}
{"logTime": "0314/160950", "correlationVector":"2c8R3RoTu1rYROPp6wzwie.2","action":"Commit Response", "result":"SYNCER_OK", "context":Result: SYNCER_OK. cV=2c8R3RoTu1rYROPp6wzwie.0;server=GENERAL03000021;cloudType=Consumer;environment=Prod_SoutheastAsia_000j;migrationStage=NotStarted}
{"logTime": "0314/160950", "correlationVector":"2c8R3RoTu1rYROPp6wzwie.3","action":"Commit.Sessions", "result":"Success", "context":{"id":"78a55c57-88bc-40a5-84a4-c07739bfc07a", "isDeleted":"true", "size":"0", "version":"1710432503764"}}
{"logTime": "0314/160950", "correlationVector":"2oYPAPIU6Qq6YhPSp8vdjI","action":"Normal GetUpdate request", "result":"", "context":cV=2oYPAPIU6Qq6YhPSp8vdjI
Nudged types: Sessions
Refresh requested types: Bookmarks, Preferences, Passwords, Autofill, Typed URLs, Extensions, Sessions, Extension settings, History Delete Directives, Device Info, User Consents, Send Tab To Self, Web Apps, Collection, Edge E Drop, Edge Hub App Usage, Edge Wallet, Encryption Keys}
{"logTime": "0314/160950", "correlationVector":"2oYPAPIU6Qq6YhPSp8vdjI.1","action":"SyncServerConnectionManagerRequest", "result":"SYNC_SERVER_OK", "context":{"environment":"Prod_SoutheastAsia_000j", "migrationStage":"NotStarted", "server":"GENERAL01000008"}}
{"logTime": "0314/160950", "correlationVector":"2oYPAPIU6Qq6YhPSp8vdjI.2","action":"GetUpdates", "result":"DeleteReceived", "context":{"id":"78a55c57-88bc-40a5-84a4-c07739bfc07a", "isDeleted:":"true", "version":"1710432588045"}}
{"logTime": "0314/160950", "correlationVector":"2oYPAPIU6Qq6YhPSp8vdjI.3","action":"GetUpdates Response", "result":"SYNCER_OK", "context":Received 3 update(s). cV=2oYPAPIU6Qq6YhPSp8vdjI.0;server=GENERAL01000008;cloudType=Consumer;environment=Prod_SoutheastAsia_000j;migrationStage=NotStarted}
{"logTime": "0314/160956", "correlationVector":"/JK4l9ZmTTFHmzKiBxtXpQ","action":"Commit Request", "result":"", "context":Item count: 1
Contributing types: Preferences}
{"logTime": "0314/160957", "correlationVector":"/JK4l9ZmTTFHmzKiBxtXpQ.1","action":"SyncServerConnectionManagerRequest", "result":"SYNC_SERVER_OK", "context":{"environment":"Prod_SoutheastAsia_000j", "migrationStage":"NotStarted", "server":"GENERAL03000021"}}
{"logTime": "0314/160957", "correlationVector":"/JK4l9ZmTTFHmzKiBxtXpQ.2","action":"Commit Response", "result":"SYNCER_OK", "context":Result: SYNCER_OK. cV=/JK4l9ZmTTFHmzKiBxtXpQ.0;server=GENERAL03000021;cloudType=Consumer;environment=Prod_SoutheastAsia_000j;migrationStage=NotStarted}
{"logTime": "0314/161016", "correlationVector":"idcWHkRjdAjcHzZ/uE7me9","action":"Commit Request", "result":"", "context":Item count: 2
Contributing types: Preferences, Sessions}
{"logTime": "0314/161016", "correlationVector":"idcWHkRjdAjcHzZ/uE7me9.1","action":"SyncServerConnectionManagerRequest", "result":"SYNC_SERVER_OK", "context":{"environment":"Prod_SoutheastAsia_000j", "migrationStage":"NotStarted", "server":"GENERAL03000001"}}
{"logTime": "0314/161016", "correlationVector":"idcWHkRjdAjcHzZ/uE7me9.2","action":"Commit Response", "result":"SYNCER_OK", "context":Result: SYNCER_OK. cV=idcWHkRjdAjcHzZ/uE7me9.0;server=GENERAL03000001;cloudType=Consumer;environment=Prod_SoutheastAsia_000j;migrationStage=NotStarted}
{"logTime": "0314/161046", "correlationVector":"FaudDX13uju2E4mtSoD2T2","action":"Commit Request", "result":"", "context":Item count: 1
Contributing types: Preferences}
{"logTime": "0314/161047", "correlationVector":"FaudDX13uju2E4mtSoD2T2.1","action":"SyncServerConnectionManagerRequest", "result":"SYNC_SERVER_OK", "context":{"environment":"Prod_SoutheastAsia_000j", "migrationStage":"NotStarted", "server":"general0300001S"}}
{"logTime": "0314/161047", "correlationVector":"FaudDX13uju2E4mtSoD2T2.2","action":"Commit Response", "result":"SYNCER_OK", "context":Result: SYNCER_OK. cV=FaudDX13uju2E4mtSoD2T2.0;server=general0300001S;cloudType=Consumer;environment=Prod_SoutheastAsia_000j;migrationStage=NotStarted}
{"logTime": "0314/161108", "correlationVector":"MbbNR0hnoWhJn5vdb/fhls","action":"Commit Request", "result":"", "context":Item count: 2
Contributing types: Preferences, Sessions}
{"logTime": "0314/161108", "correlationVector":"MbbNR0hnoWhJn5vdb/fhls.1","action":"SyncServerConnectionManagerRequest", "result":"SYNC_SERVER_OK", "context":{"environment":"Prod_SoutheastAsia_000j", "migrationStage":"NotStarted", "server":"GENERAL01000002"}}
{"logTime": "0314/161108", "correlationVector":"MbbNR0hnoWhJn5vdb/fhls.2","action":"Commit Response", "result":"SYNCER_OK", "context":Result: SYNCER_OK. cV=MbbNR0hnoWhJn5vdb/fhls.0;server=GENERAL01000002;cloudType=Consumer;environment=Prod_SoutheastAsia_000j;migrationStage=NotStarted}
{"logTime": "0314/161445", "correlationVector":"R2o4QwkcH/azTIf4rB/OEU","action":"Normal GetUpdate request", "result":"", "context":cV=R2o4QwkcH/azTIf4rB/OEU
Refresh requested types: Bookmarks, Preferences, Passwords, Autofill, Typed URLs, Extensions, Sessions, Extension settings, History Delete Directives, Device Info, User Consents, Send Tab To Self, Web Apps, Collection, Edge E Drop, Edge Hub App Usage, Edge Wallet, Encryption Keys}
{"logTime": "0314/161445", "correlationVector":"R2o4QwkcH/azTIf4rB/OEU.1","action":"SyncServerConnectionManagerRequest", "result":"SYNC_SERVER_OK", "context":{"environment":"Prod_SoutheastAsia_000j", "migrationStage":"NotStarted", "server":"GENERAL0300001L"}}
{"logTime": "0314/161445", "correlationVector":"R2o4QwkcH/azTIf4rB/OEU.2","action":"GetUpdates Response", "result":"SYNCER_OK", "context":Received 4 update(s). cV=R2o4QwkcH/azTIf4rB/OEU.0;server=GENERAL0300001L;cloudType=Consumer;environment=Prod_SoutheastAsia_000j;migrationStage=NotStarted}
{"logTime": "0314/161527", "correlationVector":"ZGLCmqUt0w18/c1pr1F0UW","action":"Commit Request", "result":"", "context":Item count: 1
Contributing types: Sessions}
{"logTime": "0314/161528", "correlationVector":"ZGLCmqUt0w18/c1pr1F0UW.1","action":"SyncServerConnectionManagerRequest", "result":"SYNC_SERVER_OK", "context":{"environment":"Prod_SoutheastAsia_000j", "migrationStage":"NotStarted", "server":"GENERAL0100000Y"}}
{"logTime": "0314/161528", "correlationVector":"ZGLCmqUt0w18/c1pr1F0UW.2","action":"Commit Response", "result":"SYNCER_OK", "context":Result: SYNCER_OK. cV=ZGLCmqUt0w18/c1pr1F0UW.0;server=GENERAL0100000Y;cloudType=Consumer;environment=Prod_SoutheastAsia_000j;migrationStage=NotStarted}
{"logTime": "0314/161555", "correlationVector":"NNfjDChnw97Bf4fuBGynN0","action":"Commit Request", "result":"", "context":Item count: 1
Contributing types: Preferences}
{"logTime": "0314/161556", "correlationVector":"NNfjDChnw97Bf4fuBGynN0.1","action":"SyncServerConnectionManagerRequest", "result":"SYNC_SERVER_OK", "context":{"environment":"Prod_SoutheastAsia_000j", "migrationStage":"NotStarted", "server":"general03000013"}}
{"logTime": "0314/161556", "correlationVector":"NNfjDChnw97Bf4fuBGynN0.2","action":"Commit Response", "result":"SYNCER_OK", "context":Result: SYNCER_OK. cV=NNfjDChnw97Bf4fuBGynN0.0;server=general03000013;cloudType=Consumer;environment=Prod_SoutheastAsia_000j;migrationStage=NotStarted}
{"logTime": "0314/161601", "correlationVector":"jNgL3AVncaty8eiKsi+Arb","action":"Normal GetUpdate request", "result":"", "context":cV=jNgL3AVncaty8eiKsi+Arb
Notified types: Preferences}
{"logTime": "0314/161601", "correlationVector":"jNgL3AVncaty8eiKsi+Arb.1","action":"SyncServerConnectionManagerRequest", "result":"SYNC_SERVER_OK", "context":{"environment":"Prod_SoutheastAsia_000j", "migrationStage":"NotStarted", "server":"GENERAL01000013"}}
{"logTime": "0314/161601", "correlationVector":"jNgL3AVncaty8eiKsi+Arb.2","action":"GetUpdates", "result":"DeleteReceived", "context":{"id":"0cf6a7ec-1702-4718-baf1-faa8fed0518b", "isDeleted:":"true", "version":"1710432943559"}}
{"logTime": "0314/161601", "correlationVector":"jNgL3AVncaty8eiKsi+Arb.3","action":"GetUpdates Response", "result":"SYNCER_OK", "context":Received 7 update(s). cV=jNgL3AVncaty8eiKsi+Arb.0;server=GENERAL01000013;cloudType=Consumer;environment=Prod_SoutheastAsia_000j;migrationStage=NotStarted}
{"logTime": "0314/161818", "correlationVector":"k2RMd8MFG7TxYijCer7f/q","action":"Commit Request", "result":"", "context":Item count: 1
Contributing types: Sessions}
{"logTime": "0314/161818", "correlationVector":"k2RMd8MFG7TxYijCer7f/q.1","action":"SyncServerConnectionManagerRequest", "result":"SYNC_SERVER_OK", "context":{"environment":"Prod_SoutheastAsia_000j", "migrationStage":"NotStarted", "server":"GENERAL0100001J"}}
{"logTime": "0314/161818", "correlationVector":"k2RMd8MFG7TxYijCer7f/q.2","action":"Commit Response", "result":"SYNCER_OK", "context":Result: SYNCER_OK. cV=k2RMd8MFG7TxYijCer7f/q.0;server=GENERAL0100001J;cloudType=Consumer;environment=Prod_SoutheastAsia_000j;migrationStage=NotStarted}
{"logTime": "0314/161940", "correlationVector":"G1DqA7EQySiEJkn8hRX+Td.1","action":"SyncServerConnectionManagerRequest", "result":"SYNC_SERVER_OK", "context":{"environment":"Prod_SoutheastAsia_000j", "migrationStage":"NotStarted", "server":"GENERAL0300001E"}}
{"logTime": "0314/161940", "correlationVector":"G1DqA7EQySiEJkn8hRX+Td","action":"Initial GetUpdates", "result":"", "context":Reason: NEW_CLIENT. cV=G1DqA7EQySiEJkn8hRX+Td}
{"logTime": "0314/161940", "correlationVector":"G1DqA7EQySiEJkn8hRX+Td.2","action":"GetUpdates Response", "result":"SYNCER_OK", "context":Received 1 update(s). cV=G1DqA7EQySiEJkn8hRX+Td.0;server=GENERAL0300001E;cloudType=Consumer;environment=Prod_SoutheastAsia_000j;migrationStage=NotStarted}
{"logTime": "0314/161940", "correlationVector":"ELhgAUT3FegaW0iLnVJ1hN","action":"Initial GetUpdates", "result":"", "context":Reason: NEWLY_SUPPORTED_DATATYPE. cV=ELhgAUT3FegaW0iLnVJ1hN}
{"logTime": "0314/161940", "correlationVector":"ELhgAUT3FegaW0iLnVJ1hN.1","action":"SyncServerConnectionManagerRequest", "result":"SYNC_SERVER_OK", "context":{"environment":"Prod_SoutheastAsia_000j", "migrationStage":"NotStarted", "server":"GENERAL0300001W"}}
{"logTime": "0314/161940", "correlationVector":"ELhgAUT3FegaW0iLnVJ1hN.2","action":"GetUpdates", "result":"DeleteReceived", "context":{"id":"1e63a567-3005-4c10-b9a8-9870642234b1", "isDeleted:":"true", "version":"1688548102224"}}
{"logTime": "0314/161940", "correlationVector":"ELhgAUT3FegaW0iLnVJ1hN.3","action":"GetUpdates", "result":"DeleteReceived", "context":{"id":"82d4ce67-7377-4f39-b1e3-a5cb42f6c26e", "isDeleted:":"true", "version":"1691545978373"}}
{"logTime": "0314/161940", "correlationVector":"ELhgAUT3FegaW0iLnVJ1hN.4","action":"GetUpdates", "result":"DeleteReceived", "context":{"id":"d554f420-3eed-4bcc-96b5-6203d373cb9f", "isDeleted:":"true", "version":"1692586955242"}}
{"logTime": "0314/161940", "correlationVector":"ELhgAUT3FegaW0iLnVJ1hN.5","action":"GetUpdates", "result":"DeleteReceived", "context":{"id":"a4e47529-b70f-4ad5-82a3-ad8f7fc885ec", "isDeleted:":"true", "version":"1694314961375"}}
{"logTime": "0314/161940", "correlationVector":"ELhgAUT3FegaW0iLnVJ1hN.6","action":"GetUpdates", "result":"DeleteReceived", "context":{"id":"7f1f2bfb-8f7d-4515-bda8-4a7d5320ceba", "isDeleted:":"true", "version":"1694314961376"}}
{"logTime": "0314/161940", "correlationVector":"ELhgAUT3FegaW0iLnVJ1hN.7","action":"GetUpdates", "result":"DeleteReceived", "context":{"id":"0908ea08-7604-44e2-aeda-c827066ea560", "isDeleted:":"true", "version":"1694314973219"}}
{"logTime": "0314/161940", "correlationVector":"ELhgAUT3FegaW0iLnVJ1hN.8","action":"GetUpdates Response", "result":"SERVER_MORE_TO_DOWNLOAD", "context":Received 250 update(s).  Some updates remain.}
{"logTime": "0314/161940", "correlationVector":"C2K2ikVjY1wiwELNdtzSDL","action":"Initial GetUpdates", "result":"", "context":Reason: NEWLY_SUPPORTED_DATATYPE. cV=C2K2ikVjY1wiwELNdtzSDL}
{"logTime": "0314/161940", "correlationVector":"C2K2ikVjY1wiwELNdtzSDL.1","action":"SyncServerConnectionManagerRequest", "result":"SYNC_SERVER_OK", "context":{"environment":"Prod_SoutheastAsia_000j", "migrationStage":"NotStarted", "server":"GENERAL0300001I"}}
{"logTime": "0314/161940", "correlationVector":"C2K2ikVjY1wiwELNdtzSDL.2","action":"GetUpdates Response", "result":"SYNCER_OK", "context":Received 55 update(s). cV=C2K2ikVjY1wiwELNdtzSDL.0;server=GENERAL0300001I;cloudType=Consumer;environment=Prod_SoutheastAsia_000j;migrationStage=NotStarted}
{"logTime": "0314/161940", "correlationVector":"gzR3K99lmZR5f5jOeQ1Wvu","action":"SyncServerConnectionManagerRequest", "result":"SYNC_SERVER_OK", "context":{"environment":"", "migrationStage":"", "server":""}}
{"logTime": "0314/161941", "correlationVector":"ZZsMa0VrXpcPhfWPkMSTt1","action":"Normal GetUpdate request", "result":"", "context":cV=ZZsMa0VrXpcPhfWPkMSTt1
Nudged types: Sessions
Refresh requested types: Bookmarks, Preferences, Passwords, Autofill, Typed URLs, Extensions, Sessions, Extension settings, History Delete Directives, Device Info, User Consents, Send Tab To Self, Web Apps, Collection, Edge E Drop, Edge Hub App Usage, Edge Wallet, Encryption Keys}
{"logTime": "0314/161941", "correlationVector":"ZZsMa0VrXpcPhfWPkMSTt1.1","action":"SyncServerConnectionManagerRequest", "result":"SYNC_SERVER_OK", "context":{"environment":"Prod_SoutheastAsia_000j", "migrationStage":"NotStarted", "server":"GENERAL0300001R"}}
{"logTime": "0314/161941", "correlationVector":"ZZsMa0VrXpcPhfWPkMSTt1.2","action":"GetUpdates Response", "result":"SYNCER_OK", "context":Received 3 update(s). cV=ZZsMa0VrXpcPhfWPkMSTt1.0;server=GENERAL0300001R;cloudType=Consumer;environment=Prod_SoutheastAsia_000j;migrationStage=NotStarted}
{"logTime": "0314/161941", "correlationVector":"BRmCaH+QLy4tkyNAwn+bQ6","action":"Commit Request", "result":"", "context":Item count: 3
Contributing types: Sessions}
{"logTime": "0314/161941", "correlationVector":"BRmCaH+QLy4tkyNAwn+bQ6.1","action":"SyncServerConnectionManagerRequest", "result":"SYNC_SERVER_OK", "context":{"environment":"Prod_SoutheastAsia_000j", "migrationStage":"NotStarted", "server":"GENERAL0100000M"}}
{"logTime": "0314/161941", "correlationVector":"BRmCaH+QLy4tkyNAwn+bQ6.2","action":"Commit Response", "result":"SYNCER_OK", "context":Result: SYNCER_OK. cV=BRmCaH+QLy4tkyNAwn+bQ6.0;server=GENERAL0100000M;cloudType=Consumer;environment=Prod_SoutheastAsia_000j;migrationStage=NotStarted}
{"logTime": "0314/161941", "correlationVector":"BRmCaH+QLy4tkyNAwn+bQ6.3","action":"Commit.Sessions", "result":"Success", "context":{"id":"9ce5d372-79c8-4156-adb8-90f4c45565fd", "isDeleted":"true", "size":"0", "version":"1710433098072"}}
{"logTime": "0314/161941", "correlationVector":"rykRLWBdlL/CKfBFgO4pq3","action":"Normal GetUpdate request", "result":"", "context":cV=rykRLWBdlL/CKfBFgO4pq3
Nudged types: Sessions
Notified types: Preferences
Refresh requested types: Bookmarks, Preferences, Passwords, Autofill, Typed URLs, Extensions, Sessions, Extension settings, History Delete Directives, Device Info, User Consents, Send Tab To Self, Web Apps, Collection, Edge E Drop, Edge Hub App Usage, Edge Wallet, Encryption Keys}
{"logTime": "0314/161942", "correlationVector":"rykRLWBdlL/CKfBFgO4pq3.1","action":"SyncServerConnectionManagerRequest", "result":"SYNC_SERVER_OK", "context":{"environment":"Prod_SoutheastAsia_000j", "migrationStage":"NotStarted", "server":"GENERAL0100000Q"}}
{"logTime": "0314/161942", "correlationVector":"rykRLWBdlL/CKfBFgO4pq3.2","action":"GetUpdates", "result":"DeleteReceived", "context":{"id":"9ce5d372-79c8-4156-adb8-90f4c45565fd", "isDeleted:":"true", "version":"1710433169317"}}
{"logTime": "0314/161942", "correlationVector":"rykRLWBdlL/CKfBFgO4pq3.3","action":"GetUpdates Response", "result":"SYNCER_OK", "context":Received 3 update(s). cV=rykRLWBdlL/CKfBFgO4pq3.0;server=GENERAL0100000Q;cloudType=Consumer;environment=Prod_SoutheastAsia_000j;migrationStage=NotStarted}
{"logTime": "0314/161957", "correlationVector":"i4LWb1WxbX1j7CSwH6bN6S","action":"Commit Request", "result":"", "context":Item count: 2
Contributing types: Preferences, Sessions}
{"logTime": "0314/161958", "correlationVector":"i4LWb1WxbX1j7CSwH6bN6S.1","action":"SyncServerConnectionManagerRequest", "result":"SYNC_SERVER_OK", "context":{"environment":"Prod_SoutheastAsia_000j", "migrationStage":"NotStarted", "server":"GENERAL0300001E"}}
{"logTime": "0314/161958", "correlationVector":"i4LWb1WxbX1j7CSwH6bN6S.2","action":"Commit Response", "result":"SYNCER_OK", "context":Result: SYNCER_OK. cV=i4LWb1WxbX1j7CSwH6bN6S.0;server=GENERAL0300001E;cloudType=Consumer;environment=Prod_SoutheastAsia_000j;migrationStage=NotStarted}
{"logTime": "0314/162014", "correlationVector":"ey1NF39ufQsBcn5rtSzjxd","action":"Commit Request", "result":"", "context":Item count: 1
Contributing types: Preferences}
{"logTime": "0314/162015", "correlationVector":"ey1NF39ufQsBcn5rtSzjxd.1","action":"SyncServerConnectionManagerRequest", "result":"SYNC_SERVER_OK", "context":{"environment":"Prod_SoutheastAsia_000j", "migrationStage":"NotStarted", "server":"GENERAL0300002E"}}
{"logTime": "0314/162015", "correlationVector":"ey1NF39ufQsBcn5rtSzjxd.2","action":"Commit Response", "result":"SYNCER_OK", "context":Result: SYNCER_OK. cV=ey1NF39ufQsBcn5rtSzjxd.0;server=GENERAL0300002E;cloudType=Consumer;environment=Prod_SoutheastAsia_000j;migrationStage=NotStarted}
{"logTime": "0314/162102", "correlationVector":"xarEUZ7q7X69lFrbD30aYq","action":"Commit Request", "result":"", "context":Item count: 1
Contributing types: Preferences}
{"logTime": "0314/162103", "correlationVector":"xarEUZ7q7X69lFrbD30aYq.1","action":"SyncServerConnectionManagerRequest", "result":"SYNC_SERVER_OK", "context":{"environment":"Prod_SoutheastAsia_000j", "migrationStage":"NotStarted", "server":"GENERAL0300001Y"}}
{"logTime": "0314/162103", "correlationVector":"xarEUZ7q7X69lFrbD30aYq.2","action":"Commit Response", "result":"SYNCER_OK", "context":Result: SYNCER_OK. cV=xarEUZ7q7X69lFrbD30aYq.0;server=GENERAL0300001Y;cloudType=Consumer;environment=Prod_SoutheastAsia_000j;migrationStage=NotStarted}
{"logTime": "0314/162426", "correlationVector":"p/+EpE4s07nwFjv2j0ZcdP","action":"Normal GetUpdate request", "result":"", "context":cV=p/+EpE4s07nwFjv2j0ZcdP
Refresh requested types: Bookmarks, Preferences, Passwords, Autofill, Typed URLs, Extensions, Sessions, Extension settings, History Delete Directives, Device Info, User Consents, Send Tab To Self, Web Apps, Collection, Edge E Drop, Edge Hub App Usage, Edge Wallet, Encryption Keys}
{"logTime": "0314/162427", "correlationVector":"p/+EpE4s07nwFjv2j0ZcdP.1","action":"SyncServerConnectionManagerRequest", "result":"SYNC_SERVER_OK", "context":{"environment":"Prod_SoutheastAsia_000j", "migrationStage":"NotStarted", "server":"GENERAL0300001V"}}
{"logTime": "0314/162427", "correlationVector":"p/+EpE4s07nwFjv2j0ZcdP.2","action":"GetUpdates Response", "result":"SYNCER_OK", "context":Received 4 update(s). cV=p/+EpE4s07nwFjv2j0ZcdP.0;server=GENERAL0300001V;cloudType=Consumer;environment=Prod_SoutheastAsia_000j;migrationStage=NotStarted}
{"logTime": "0314/162510", "correlationVector":"GadkqiAAqsosX/1W1qr7Ub","action":"Commit Request", "result":"", "context":Item count: 1
Contributing types: Sessions}
{"logTime": "0314/162510", "correlationVector":"GadkqiAAqsosX/1W1qr7Ub.1","action":"SyncServerConnectionManagerRequest", "result":"SYNC_SERVER_OK", "context":{"environment":"Prod_SoutheastAsia_000j", "migrationStage":"NotStarted", "server":"GENERAL0300001E"}}
{"logTime": "0314/162510", "correlationVector":"GadkqiAAqsosX/1W1qr7Ub.2","action":"Commit Response", "result":"SYNCER_OK", "context":Result: SYNCER_OK. cV=GadkqiAAqsosX/1W1qr7Ub.0;server=GENERAL0300001E;cloudType=Consumer;environment=Prod_SoutheastAsia_000j;migrationStage=NotStarted}
{"logTime": "0314/162546", "correlationVector":"jsJllJF9b/rN2nlTdsMuly","action":"Commit Request", "result":"", "context":Item count: 1
Contributing types: Sessions}
{"logTime": "0314/162552", "correlationVector":"jsJllJF9b/rN2nlTdsMuly.1","action":"SyncServerConnectionManagerRequest", "result":"SYNC_SERVER_OK", "context":{"environment":"Prod_SoutheastAsia_000j", "migrationStage":"NotStarted", "server":"GENERAL01000002"}}
{"logTime": "0314/162552", "correlationVector":"jsJllJF9b/rN2nlTdsMuly.2","action":"Commit Response", "result":"SYNCER_OK", "context":Result: SYNCER_OK. cV=jsJllJF9b/rN2nlTdsMuly.0;server=GENERAL01000002;cloudType=Consumer;environment=Prod_SoutheastAsia_000j;migrationStage=NotStarted}
{"logTime": "0314/162601", "correlationVector":"329gaanJfbXEXFbi10ZOyd","action":"Commit Request", "result":"", "context":Item count: 1
Contributing types: Preferences}
{"logTime": "0314/162601", "correlationVector":"329gaanJfbXEXFbi10ZOyd.1","action":"SyncServerConnectionManagerRequest", "result":"SYNC_SERVER_OK", "context":{"environment":"Prod_SoutheastAsia_000j", "migrationStage":"NotStarted", "server":"GENERAL0100000O"}}
{"logTime": "0314/162601", "correlationVector":"329gaanJfbXEXFbi10ZOyd.2","action":"Commit Response", "result":"SYNCER_OK", "context":Result: SYNCER_OK. cV=329gaanJfbXEXFbi10ZOyd.0;server=GENERAL0100000O;cloudType=Consumer;environment=Prod_SoutheastAsia_000j;migrationStage=NotStarted}
{"logTime": "0314/162601", "correlationVector":"329gaanJfbXEXFbi10ZOyd.3","action":"Commit.Preferences", "result":"Conflict", "context":{"id":"daeae6ef-37e8-4817-b299-405f02fc8f0b", "isDeleted":"false", "size":"604", "version":"1710433262961"}}
{"logTime": "0314/162602", "correlationVector":"WvdpIX7rbW9yCMuwb7PEoH","action":"Normal GetUpdate request", "result":"", "context":cV=WvdpIX7rbW9yCMuwb7PEoH
Nudged types: Preferences}
{"logTime": "0314/162603", "correlationVector":"WvdpIX7rbW9yCMuwb7PEoH.1","action":"SyncServerConnectionManagerRequest", "result":"SYNC_SERVER_OK", "context":{"environment":"Prod_SoutheastAsia_000j", "migrationStage":"NotStarted", "server":"GENERAL0100000Q"}}
{"logTime": "0314/162603", "correlationVector":"WvdpIX7rbW9yCMuwb7PEoH.2","action":"GetUpdates Response", "result":"SYNCER_OK", "context":Received 2 update(s). cV=WvdpIX7rbW9yCMuwb7PEoH.0;server=GENERAL0100000Q;cloudType=Consumer;environment=Prod_SoutheastAsia_000j;migrationStage=NotStarted}
{"logTime": "0314/162651", "correlationVector":"ZarB6DbEadFfvUN4hVZs1V","action":"Commit Request", "result":"", "context":Item count: 1
Contributing types: Sessions}
{"logTime": "0314/162651", "correlationVector":"ZarB6DbEadFfvUN4hVZs1V.1","action":"SyncServerConnectionManagerRequest", "result":"SYNC_SERVER_OK", "context":{"environment":"Prod_SoutheastAsia_000j", "migrationStage":"NotStarted", "server":"GENERAL01000006"}}
{"logTime": "0314/162651", "correlationVector":"ZarB6DbEadFfvUN4hVZs1V.2","action":"Commit Response", "result":"SYNCER_OK", "context":Result: SYNCER_OK. cV=ZarB6DbEadFfvUN4hVZs1V.0;server=GENERAL01000006;cloudType=Consumer;environment=Prod_SoutheastAsia_000j;migrationStage=NotStarted}
{"logTime": "0314/162745", "correlationVector":"MPVfUMnptS7S4hHG4CUiOs","action":"Commit Request", "result":"", "context":Item count: 1
Contributing types: Sessions}
{"logTime": "0314/162745", "correlationVector":"MPVfUMnptS7S4hHG4CUiOs.1","action":"SyncServerConnectionManagerRequest", "result":"SYNC_SERVER_OK", "context":{"environment":"Prod_SoutheastAsia_000j", "migrationStage":"NotStarted", "server":"GENERAL0300001V"}}
{"logTime": "0314/162745", "correlationVector":"MPVfUMnptS7S4hHG4CUiOs.2","action":"Commit Response", "result":"SYNCER_OK", "context":Result: SYNCER_OK. cV=MPVfUMnptS7S4hHG4CUiOs.0;server=GENERAL0300001V;cloudType=Consumer;environment=Prod_SoutheastAsia_000j;migrationStage=NotStarted}
{"logTime": "0314/163105", "correlationVector":"SwseGUF71j49mrI/RvlfpE","action":"Commit Request", "result":"", "context":Item count: 1
Contributing types: Sessions}
{"logTime": "0314/163105", "correlationVector":"SwseGUF71j49mrI/RvlfpE.1","action":"SyncServerConnectionManagerRequest", "result":"SYNC_SERVER_OK", "context":{"environment":"Prod_SoutheastAsia_000j", "migrationStage":"NotStarted", "server":"GENERAL0300000S"}}
{"logTime": "0314/163105", "correlationVector":"SwseGUF71j49mrI/RvlfpE.2","action":"Commit Response", "result":"SYNCER_OK", "context":Result: SYNCER_OK. cV=SwseGUF71j49mrI/RvlfpE.0;server=GENERAL0300000S;cloudType=Consumer;environment=Prod_SoutheastAsia_000j;migrationStage=NotStarted}
{"logTime": "0314/163151", "correlationVector":"KaP7FZW0bB+lkhspuId1Rt","action":"Commit Request", "result":"", "context":Item count: 1
Contributing types: Sessions}
{"logTime": "0314/163151", "correlationVector":"KaP7FZW0bB+lkhspuId1Rt.1","action":"SyncServerConnectionManagerRequest", "result":"SYNC_SERVER_OK", "context":{"environment":"Prod_SoutheastAsia_000j", "migrationStage":"NotStarted", "server":"GENERAL0100001D"}}
{"logTime": "0314/163151", "correlationVector":"KaP7FZW0bB+lkhspuId1Rt.2","action":"Commit Response", "result":"SYNCER_OK", "context":Result: SYNCER_OK. cV=KaP7FZW0bB+lkhspuId1Rt.0;server=GENERAL0100001D;cloudType=Consumer;environment=Prod_SoutheastAsia_000j;migrationStage=NotStarted}
{"logTime": "0314/163223", "correlationVector":"fJRqiECkVWIbxcJCgTxt9M","action":"Commit Request", "result":"", "context":Item count: 1
Contributing types: Sessions}
{"logTime": "0314/163223", "correlationVector":"fJRqiECkVWIbxcJCgTxt9M.1","action":"SyncServerConnectionManagerRequest", "result":"SYNC_SERVER_OK", "context":{"environment":"Prod_SoutheastAsia_000j", "migrationStage":"NotStarted", "server":"GENERAL0300001Y"}}
{"logTime": "0314/163223", "correlationVector":"fJRqiECkVWIbxcJCgTxt9M.2","action":"Commit Response", "result":"SYNCER_OK", "context":Result: SYNCER_OK. cV=fJRqiECkVWIbxcJCgTxt9M.0;server=GENERAL0300001Y;cloudType=Consumer;environment=Prod_SoutheastAsia_000j;migrationStage=NotStarted}
{"logTime": "0314/163441", "correlationVector":"M95KTnQediVu0e/u28A+/g","action":"Commit Request", "result":"", "context":Item count: 2
Contributing types: Preferences, Sessions}
{"logTime": "0314/163442", "correlationVector":"M95KTnQediVu0e/u28A+/g.1","action":"SyncServerConnectionManagerRequest", "result":"SYNC_SERVER_OK", "context":{"environment":"Prod_SoutheastAsia_000j", "migrationStage":"NotStarted", "server":"GENERAL0300001L"}}
{"logTime": "0314/163442", "correlationVector":"M95KTnQediVu0e/u28A+/g.2","action":"Commit Response", "result":"SYNCER_OK", "context":Result: SYNCER_OK. cV=M95KTnQediVu0e/u28A+/g.0;server=GENERAL0300001L;cloudType=Consumer;environment=Prod_SoutheastAsia_000j;migrationStage=NotStarted}
{"logTime": "0314/163545", "correlationVector":"kYPVIuv8Eoblo8i2Z3SIV7","action":"Commit Request", "result":"", "context":Item count: 1
Contributing types: Sessions}
{"logTime": "0314/163545", "correlationVector":"kYPVIuv8Eoblo8i2Z3SIV7.1","action":"SyncServerConnectionManagerRequest", "result":"SYNC_SERVER_OK", "context":{"environment":"Prod_SoutheastAsia_000j", "migrationStage":"NotStarted", "server":"GENERAL01000013"}}
{"logTime": "0314/163545", "correlationVector":"kYPVIuv8Eoblo8i2Z3SIV7.2","action":"Commit Response", "result":"SYNCER_OK", "context":Result: SYNCER_OK. cV=kYPVIuv8Eoblo8i2Z3SIV7.0;server=GENERAL01000013;cloudType=Consumer;environment=Prod_SoutheastAsia_000j;migrationStage=NotStarted}
{"logTime": "0314/163755", "correlationVector":"af2bSJ0PeAJU1jE0fZS49L","action":"Commit Request", "result":"", "context":Item count: 1
Contributing types: Sessions}
{"logTime": "0314/163755", "correlationVector":"af2bSJ0PeAJU1jE0fZS49L.1","action":"SyncServerConnectionManagerRequest", "result":"SYNC_SERVER_OK", "context":{"environment":"Prod_SoutheastAsia_000j", "migrationStage":"NotStarted", "server":"GENERAL0100001E"}}
{"logTime": "0314/163755", "correlationVector":"af2bSJ0PeAJU1jE0fZS49L.2","action":"Commit Response", "result":"SYNCER_OK", "context":Result: SYNCER_OK. cV=af2bSJ0PeAJU1jE0fZS49L.0;server=GENERAL0100001E;cloudType=Consumer;environment=Prod_SoutheastAsia_000j;migrationStage=NotStarted}
{"logTime": "0314/164338", "correlationVector":"SdTdYiFx5et8hGcQcKqQsb","action":"Commit Request", "result":"", "context":Item count: 2
Contributing types: Preferences, Sessions}
{"logTime": "0314/164339", "correlationVector":"SdTdYiFx5et8hGcQcKqQsb.1","action":"SyncServerConnectionManagerRequest", "result":"SYNC_SERVER_OK", "context":{"environment":"Prod_SoutheastAsia_000j", "migrationStage":"NotStarted", "server":"GENERAL0300000E"}}
{"logTime": "0314/164339", "correlationVector":"SdTdYiFx5et8hGcQcKqQsb.2","action":"Commit Response", "result":"SYNCER_OK", "context":Result: SYNCER_OK. cV=SdTdYiFx5et8hGcQcKqQsb.0;server=GENERAL0300000E;cloudType=Consumer;environment=Prod_SoutheastAsia_000j;migrationStage=NotStarted}
{"logTime": "0314/164412", "correlationVector":"j4jDVeqdLd8jAb16A7QOpf","action":"Commit Request", "result":"", "context":Item count: 1
Contributing types: Preferences}
{"logTime": "0314/164413", "correlationVector":"j4jDVeqdLd8jAb16A7QOpf.1","action":"SyncServerConnectionManagerRequest", "result":"SYNC_SERVER_OK", "context":{"environment":"Prod_SoutheastAsia_000j", "migrationStage":"NotStarted", "server":"GENERAL0300000W"}}
{"logTime": "0314/164413", "correlationVector":"j4jDVeqdLd8jAb16A7QOpf.2","action":"Commit Response", "result":"SYNCER_OK", "context":Result: SYNCER_OK. cV=j4jDVeqdLd8jAb16A7QOpf.0;server=GENERAL0300000W;cloudType=Consumer;environment=Prod_SoutheastAsia_000j;migrationStage=NotStarted}
{"logTime": "0314/165308", "correlationVector":"ykTOESqc+8/lP6+fUhZ4vV.1","action":"SyncServerConnectionManagerRequest", "result":"SYNC_SERVER_OK", "context":{"environment":"Prod_SoutheastAsia_000j", "migrationStage":"NotStarted", "server":"GENERAL0100001H"}}
{"logTime": "0314/165308", "correlationVector":"ykTOESqc+8/lP6+fUhZ4vV","action":"Initial GetUpdates", "result":"", "context":Reason: NEW_CLIENT. cV=ykTOESqc+8/lP6+fUhZ4vV}
{"logTime": "0314/165308", "correlationVector":"ykTOESqc+8/lP6+fUhZ4vV.2","action":"GetUpdates Response", "result":"SYNCER_OK", "context":Received 1 update(s). cV=ykTOESqc+8/lP6+fUhZ4vV.0;server=GENERAL0100001H;cloudType=Consumer;environment=Prod_SoutheastAsia_000j;migrationStage=NotStarted}
{"logTime": "0314/165308", "correlationVector":"hlFAix5m4eNWeRgKfNhf7u","action":"Initial GetUpdates", "result":"", "context":Reason: NEWLY_SUPPORTED_DATATYPE. cV=hlFAix5m4eNWeRgKfNhf7u}
{"logTime": "0314/165308", "correlationVector":"hlFAix5m4eNWeRgKfNhf7u.1","action":"SyncServerConnectionManagerRequest", "result":"SYNC_SERVER_OK", "context":{"environment":"Prod_SoutheastAsia_000j", "migrationStage":"NotStarted", "server":"GENERAL0100001D"}}
{"logTime": "0314/165308", "correlationVector":"hlFAix5m4eNWeRgKfNhf7u.2","action":"GetUpdates", "result":"DeleteReceived", "context":{"id":"1e63a567-3005-4c10-b9a8-9870642234b1", "isDeleted:":"true", "version":"1688548102224"}}
{"logTime": "0314/165308", "correlationVector":"hlFAix5m4eNWeRgKfNhf7u.3","action":"GetUpdates", "result":"DeleteReceived", "context":{"id":"82d4ce67-7377-4f39-b1e3-a5cb42f6c26e", "isDeleted:":"true", "version":"1691545978373"}}
{"logTime": "0314/165308", "correlationVector":"hlFAix5m4eNWeRgKfNhf7u.4","action":"GetUpdates", "result":"DeleteReceived", "context":{"id":"d554f420-3eed-4bcc-96b5-6203d373cb9f", "isDeleted:":"true", "version":"1692586955242"}}
{"logTime": "0314/165308", "correlationVector":"hlFAix5m4eNWeRgKfNhf7u.5","action":"GetUpdates", "result":"DeleteReceived", "context":{"id":"a4e47529-b70f-4ad5-82a3-ad8f7fc885ec", "isDeleted:":"true", "version":"1694314961375"}}
{"logTime": "0314/165308", "correlationVector":"hlFAix5m4eNWeRgKfNhf7u.6","action":"GetUpdates", "result":"DeleteReceived", "context":{"id":"7f1f2bfb-8f7d-4515-bda8-4a7d5320ceba", "isDeleted:":"true", "version":"1694314961376"}}
{"logTime": "0314/165308", "correlationVector":"hlFAix5m4eNWeRgKfNhf7u.7","action":"GetUpdates", "result":"DeleteReceived", "context":{"id":"0908ea08-7604-44e2-aeda-c827066ea560", "isDeleted:":"true", "version":"1694314973219"}}
{"logTime": "0314/165308", "correlationVector":"hlFAix5m4eNWeRgKfNhf7u.8","action":"GetUpdates Response", "result":"SERVER_MORE_TO_DOWNLOAD", "context":Received 250 update(s).  Some updates remain.}
{"logTime": "0314/165308", "correlationVector":"c9amagT6Kuz19i6PcCJ0kN","action":"Initial GetUpdates", "result":"", "context":Reason: NEWLY_SUPPORTED_DATATYPE. cV=c9amagT6Kuz19i6PcCJ0kN}
{"logTime": "0314/165308", "correlationVector":"c9amagT6Kuz19i6PcCJ0kN.1","action":"SyncServerConnectionManagerRequest", "result":"SYNC_SERVER_OK", "context":{"environment":"Prod_SoutheastAsia_000j", "migrationStage":"NotStarted", "server":"GENERAL0100000R"}}
{"logTime": "0314/165308", "correlationVector":"c9amagT6Kuz19i6PcCJ0kN.2","action":"GetUpdates Response", "result":"SYNCER_OK", "context":Received 55 update(s). cV=c9amagT6Kuz19i6PcCJ0kN.0;server=GENERAL0100000R;cloudType=Consumer;environment=Prod_SoutheastAsia_000j;migrationStage=NotStarted}
{"logTime": "0314/165308", "correlationVector":"7PiHQAE+qsoAaTuyrTTcWS","action":"SyncServerConnectionManagerRequest", "result":"SYNC_SERVER_OK", "context":{"environment":"", "migrationStage":"", "server":""}}
{"logTime": "0314/165308", "correlationVector":"5QLj76YHWuM6q4u9xpcWHQ","action":"Normal GetUpdate request", "result":"", "context":cV=5QLj76YHWuM6q4u9xpcWHQ
Nudged types: Sessions
Refresh requested types: Bookmarks, Preferences, Passwords, Autofill, Typed URLs, Extensions, Sessions, Extension settings, History Delete Directives, Device Info, User Consents, Send Tab To Self, Web Apps, Collection, Edge E Drop, Edge Hub App Usage, Edge Wallet, Encryption Keys}
{"logTime": "0314/165309", "correlationVector":"5QLj76YHWuM6q4u9xpcWHQ.1","action":"SyncServerConnectionManagerRequest", "result":"SYNC_SERVER_OK", "context":{"environment":"Prod_SoutheastAsia_000j", "migrationStage":"NotStarted", "server":"GENERAL0100000R"}}
{"logTime": "0314/165309", "correlationVector":"5QLj76YHWuM6q4u9xpcWHQ.2","action":"GetUpdates Response", "result":"SYNCER_OK", "context":Received 5 update(s). cV=5QLj76YHWuM6q4u9xpcWHQ.0;server=GENERAL0100000R;cloudType=Consumer;environment=Prod_SoutheastAsia_000j;migrationStage=NotStarted}
{"logTime": "0314/165309", "correlationVector":"e+w2ICRY2pFVkmcSGltcjt","action":"Commit Request", "result":"", "context":Item count: 3
Contributing types: Sessions}
{"logTime": "0314/165309", "correlationVector":"e+w2ICRY2pFVkmcSGltcjt.1","action":"SyncServerConnectionManagerRequest", "result":"SYNC_SERVER_OK", "context":{"environment":"Prod_SoutheastAsia_000j", "migrationStage":"NotStarted", "server":"GENERAL0100001H"}}
{"logTime": "0314/165309", "correlationVector":"e+w2ICRY2pFVkmcSGltcjt.2","action":"Commit Response", "result":"SYNCER_OK", "context":Result: SYNCER_OK. cV=e+w2ICRY2pFVkmcSGltcjt.0;server=GENERAL0100001H;cloudType=Consumer;environment=Prod_SoutheastAsia_000j;migrationStage=NotStarted}
{"logTime": "0314/165309", "correlationVector":"EoxXN/SUrS7ym/Uh4LSocJ","action":"Normal GetUpdate request", "result":"", "context":cV=EoxXN/SUrS7ym/Uh4LSocJ
Nudged types: Sessions
Refresh requested types: Bookmarks, Preferences, Passwords, Autofill, Typed URLs, Extensions, Sessions, Extension settings, History Delete Directives, Device Info, User Consents, Send Tab To Self, Web Apps, Collection, Edge E Drop, Edge Hub App Usage, Edge Wallet, Encryption Keys}
{"logTime": "0314/165309", "correlationVector":"EoxXN/SUrS7ym/Uh4LSocJ.1","action":"SyncServerConnectionManagerRequest", "result":"SYNC_SERVER_OK", "context":{"environment":"Prod_SoutheastAsia_000j", "migrationStage":"NotStarted", "server":"GENERAL01000015"}}
{"logTime": "0314/165309", "correlationVector":"EoxXN/SUrS7ym/Uh4LSocJ.2","action":"GetUpdates Response", "result":"SYNCER_OK", "context":Received 3 update(s). cV=EoxXN/SUrS7ym/Uh4LSocJ.0;server=GENERAL01000015;cloudType=Consumer;environment=Prod_SoutheastAsia_000j;migrationStage=NotStarted}
{"logTime": "0314/165319", "correlationVector":"+lOIUnpg0/9L4/0t69bLhf","action":"Commit Request", "result":"", "context":Item count: 3
Contributing types: Preferences, Sessions}
{"logTime": "0314/165320", "correlationVector":"+lOIUnpg0/9L4/0t69bLhf.1","action":"SyncServerConnectionManagerRequest", "result":"SYNC_SERVER_OK", "context":{"environment":"Prod_SoutheastAsia_000j", "migrationStage":"NotStarted", "server":"general03000013"}}
{"logTime": "0314/165320", "correlationVector":"+lOIUnpg0/9L4/0t69bLhf.3","action":"Commit.Sessions", "result":"Success", "context":{"id":"37e14b2e-b835-49ff-ae60-becd0e355854", "isDeleted":"true", "size":"0", "version":"1710435172227"}}
{"logTime": "0314/165320", "correlationVector":"+lOIUnpg0/9L4/0t69bLhf.2","action":"Commit Response", "result":"SYNCER_OK", "context":Result: SYNCER_OK. cV=+lOIUnpg0/9L4/0t69bLhf.0;server=general03000013;cloudType=Consumer;environment=Prod_SoutheastAsia_000j;migrationStage=NotStarted}
{"logTime": "0314/165328", "correlationVector":"4jSRGYOxuG38iOvratP2+b","action":"Commit Request", "result":"", "context":Item count: 1
Contributing types: Preferences}
{"logTime": "0314/165329", "correlationVector":"4jSRGYOxuG38iOvratP2+b.1","action":"SyncServerConnectionManagerRequest", "result":"SYNC_SERVER_OK", "context":{"environment":"Prod_SoutheastAsia_000j", "migrationStage":"NotStarted", "server":"general03000013"}}
{"logTime": "0314/165329", "correlationVector":"4jSRGYOxuG38iOvratP2+b.2","action":"Commit Response", "result":"SYNCER_OK", "context":Result: SYNCER_OK. cV=4jSRGYOxuG38iOvratP2+b.0;server=general03000013;cloudType=Consumer;environment=Prod_SoutheastAsia_000j;migrationStage=NotStarted}
{"logTime": "0314/165422", "correlationVector":"VP/vAybIl4MJjlM7NcwpIk","action":"Commit Request", "result":"", "context":Item count: 2
Contributing types: Preferences, Sessions}
{"logTime": "0314/165423", "correlationVector":"VP/vAybIl4MJjlM7NcwpIk.1","action":"SyncServerConnectionManagerRequest", "result":"SYNC_SERVER_OK", "context":{"environment":"Prod_SoutheastAsia_000j", "migrationStage":"NotStarted", "server":"GENERAL0300001E"}}
{"logTime": "0314/165423", "correlationVector":"VP/vAybIl4MJjlM7NcwpIk.2","action":"Commit Response", "result":"SYNCER_OK", "context":Result: SYNCER_OK. cV=VP/vAybIl4MJjlM7NcwpIk.0;server=GENERAL0300001E;cloudType=Consumer;environment=Prod_SoutheastAsia_000j;migrationStage=NotStarted}
{"logTime": "0314/165441", "correlationVector":"NvHC3FPU3/bfb65r3cyfl2","action":"Commit Request", "result":"", "context":Item count: 1
Contributing types: Preferences}
{"logTime": "0314/165442", "correlationVector":"NvHC3FPU3/bfb65r3cyfl2.1","action":"SyncServerConnectionManagerRequest", "result":"SYNC_SERVER_OK", "context":{"environment":"Prod_SoutheastAsia_000j", "migrationStage":"NotStarted", "server":"GENERAL0300002D"}}
{"logTime": "0314/165442", "correlationVector":"NvHC3FPU3/bfb65r3cyfl2.2","action":"Commit Response", "result":"SYNCER_OK", "context":Result: SYNCER_OK. cV=NvHC3FPU3/bfb65r3cyfl2.0;server=GENERAL0300002D;cloudType=Consumer;environment=Prod_SoutheastAsia_000j;migrationStage=NotStarted}
{"logTime": "0314/165537", "correlationVector":"5zLerdKahttUKU+TOaGSaL","action":"Commit Request", "result":"", "context":Item count: 1
Contributing types: Sessions}
{"logTime": "0314/165537", "correlationVector":"5zLerdKahttUKU+TOaGSaL.1","action":"SyncServerConnectionManagerRequest", "result":"SYNC_SERVER_OK", "context":{"environment":"Prod_SoutheastAsia_000j", "migrationStage":"NotStarted", "server":"GENERAL0100001C"}}
{"logTime": "0314/165537", "correlationVector":"5zLerdKahttUKU+TOaGSaL.2","action":"Commit Response", "result":"SYNCER_OK", "context":Result: SYNCER_OK. cV=5zLerdKahttUKU+TOaGSaL.0;server=GENERAL0100001C;cloudType=Consumer;environment=Prod_SoutheastAsia_000j;migrationStage=NotStarted}
{"logTime": "0314/165605", "correlationVector":"QUuTbqd44KCdGc8athtIkD","action":"Commit Request", "result":"", "context":Item count: 2
Contributing types: Preferences, Sessions}
{"logTime": "0314/165605", "correlationVector":"QUuTbqd44KCdGc8athtIkD.1","action":"SyncServerConnectionManagerRequest", "result":"SYNC_SERVER_OK", "context":{"environment":"Prod_SoutheastAsia_000j", "migrationStage":"NotStarted", "server":"GENERAL0100001J"}}
{"logTime": "0314/165605", "correlationVector":"QUuTbqd44KCdGc8athtIkD.2","action":"Commit Response", "result":"SYNCER_OK", "context":Result: SYNCER_OK. cV=QUuTbqd44KCdGc8athtIkD.0;server=GENERAL0100001J;cloudType=Consumer;environment=Prod_SoutheastAsia_000j;migrationStage=NotStarted}
{"logTime": "0314/165619", "correlationVector":"xXLEZnSpXrvDSAjrhxtsLY","action":"Normal GetUpdate request", "result":"", "context":cV=xXLEZnSpXrvDSAjrhxtsLY
Nudged types: Sessions
Notified types: Preferences}
{"logTime": "0314/165619", "correlationVector":"xXLEZnSpXrvDSAjrhxtsLY.1","action":"SyncServerConnectionManagerRequest", "result":"SYNC_SERVER_OK", "context":{"environment":"Prod_SoutheastAsia_000j", "migrationStage":"NotStarted", "server":"GENERAL03000020"}}
{"logTime": "0314/165619", "correlationVector":"xXLEZnSpXrvDSAjrhxtsLY.2","action":"GetUpdates", "result":"DeleteReceived", "context":{"id":"37e14b2e-b835-49ff-ae60-becd0e355854", "isDeleted:":"true", "version":"1710435200085"}}
{"logTime": "0314/165619", "correlationVector":"xXLEZnSpXrvDSAjrhxtsLY.3","action":"GetUpdates Response", "result":"SYNCER_OK", "context":Received 7 update(s). cV=xXLEZnSpXrvDSAjrhxtsLY.0;server=GENERAL03000020;cloudType=Consumer;environment=Prod_SoutheastAsia_000j;migrationStage=NotStarted}
{"logTime": "0314/165619", "correlationVector":"VvEbfJPkLtRMkL8vF04gBq","action":"Commit Request", "result":"", "context":Item count: 1
Contributing types: Sessions}
{"logTime": "0314/165619", "correlationVector":"VvEbfJPkLtRMkL8vF04gBq.1","action":"SyncServerConnectionManagerRequest", "result":"SYNC_SERVER_OK", "context":{"environment":"Prod_SoutheastAsia_000j", "migrationStage":"NotStarted", "server":"GENERAL0300000F"}}
{"logTime": "0314/165619", "correlationVector":"VvEbfJPkLtRMkL8vF04gBq.2","action":"Commit Response", "result":"SYNCER_OK", "context":Result: SYNCER_OK. cV=VvEbfJPkLtRMkL8vF04gBq.0;server=GENERAL0300000F;cloudType=Consumer;environment=Prod_SoutheastAsia_000j;migrationStage=NotStarted}
{"logTime": "0314/165637", "correlationVector":"LZ536WpnogS6C50iRHF5Ik","action":"Commit Request", "result":"", "context":Item count: 1
Contributing types: Preferences}
{"logTime": "0314/165638", "correlationVector":"LZ536WpnogS6C50iRHF5Ik.1","action":"SyncServerConnectionManagerRequest", "result":"SYNC_SERVER_OK", "context":{"environment":"Prod_SoutheastAsia_000j", "migrationStage":"NotStarted", "server":"GENERAL0300001A"}}
{"logTime": "0314/165638", "correlationVector":"LZ536WpnogS6C50iRHF5Ik.2","action":"Commit Response", "result":"SYNCER_OK", "context":Result: SYNCER_OK. cV=LZ536WpnogS6C50iRHF5Ik.0;server=GENERAL0300001A;cloudType=Consumer;environment=Prod_SoutheastAsia_000j;migrationStage=NotStarted}
{"logTime": "0314/165638", "correlationVector":"VRN5h17gUxoFw8fPC3tuSK","action":"Normal GetUpdate request", "result":"", "context":cV=VRN5h17gUxoFw8fPC3tuSK
Notified types: Preferences}
{"logTime": "0314/165638", "correlationVector":"VRN5h17gUxoFw8fPC3tuSK.1","action":"SyncServerConnectionManagerRequest", "result":"SYNC_SERVER_OK", "context":{"environment":"Prod_SoutheastAsia_000j", "migrationStage":"NotStarted", "server":"GENERAL0300001B"}}
{"logTime": "0314/165638", "correlationVector":"VRN5h17gUxoFw8fPC3tuSK.2","action":"GetUpdates Response", "result":"SYNCER_OK", "context":Received 2 update(s). cV=VRN5h17gUxoFw8fPC3tuSK.0;server=GENERAL0300001B;cloudType=Consumer;environment=Prod_SoutheastAsia_000j;migrationStage=NotStarted}
{"logTime": "0314/165749", "correlationVector":"SwQbzjmwZwlqc0gNp4oi2I","action":"Normal GetUpdate request", "result":"", "context":cV=SwQbzjmwZwlqc0gNp4oi2I
Refresh requested types: Bookmarks, Preferences, Passwords, Autofill, Typed URLs, Extensions, Sessions, Extension settings, History Delete Directives, Device Info, User Consents, Send Tab To Self, Web Apps, Collection, Edge E Drop, Edge Hub App Usage, Edge Wallet, Encryption Keys}
{"logTime": "0314/165749", "correlationVector":"SwQbzjmwZwlqc0gNp4oi2I.1","action":"SyncServerConnectionManagerRequest", "result":"SYNC_SERVER_OK", "context":{"environment":"Prod_SoutheastAsia_000j", "migrationStage":"NotStarted", "server":"GENERAL0100000Q"}}
{"logTime": "0314/165749", "correlationVector":"SwQbzjmwZwlqc0gNp4oi2I.2","action":"GetUpdates Response", "result":"SYNCER_OK", "context":Received 1 update(s). cV=SwQbzjmwZwlqc0gNp4oi2I.0;server=GENERAL0100000Q;cloudType=Consumer;environment=Prod_SoutheastAsia_000j;migrationStage=NotStarted}
{"logTime": "0314/170139", "correlationVector":"jlgmS+EP0fmRYlV5DjHI21","action":"Normal GetUpdate request", "result":"", "context":cV=jlgmS+EP0fmRYlV5DjHI21
Notified types: Preferences}
{"logTime": "0314/170139", "correlationVector":"jlgmS+EP0fmRYlV5DjHI21.1","action":"SyncServerConnectionManagerRequest", "result":"SYNC_SERVER_OK", "context":{"environment":"Prod_SoutheastAsia_000j", "migrationStage":"NotStarted", "server":"GENERAL0300000E"}}
{"logTime": "0314/170139", "correlationVector":"jlgmS+EP0fmRYlV5DjHI21.2","action":"GetUpdates", "result":"DeleteReceived", "context":{"id":"3b445acd-54d2-4c85-88eb-20fdaa1b29c7", "isDeleted:":"true", "version":"1710435698783"}}
{"logTime": "0314/170139", "correlationVector":"jlgmS+EP0fmRYlV5DjHI21.3","action":"GetUpdates Response", "result":"SYNCER_OK", "context":Received 8 update(s). cV=jlgmS+EP0fmRYlV5DjHI21.0;server=GENERAL0300000E;cloudType=Consumer;environment=Prod_SoutheastAsia_000j;migrationStage=NotStarted}
{"logTime": "0314/170213", "correlationVector":"W2eAf/F9bS8zwy6/Q7N+Ss","action":"Normal GetUpdate request", "result":"", "context":cV=W2eAf/F9bS8zwy6/Q7N+Ss
Notified types: Typed URLs}
{"logTime": "0314/170213", "correlationVector":"W2eAf/F9bS8zwy6/Q7N+Ss.1","action":"SyncServerConnectionManagerRequest", "result":"SYNC_SERVER_OK", "context":{"environment":"Prod_SoutheastAsia_000j", "migrationStage":"NotStarted", "server":"GENERAL0300000F"}}
{"logTime": "0314/170213", "correlationVector":"W2eAf/F9bS8zwy6/Q7N+Ss.2","action":"GetUpdates Response", "result":"SYNCER_OK", "context":Received 5 update(s). cV=W2eAf/F9bS8zwy6/Q7N+Ss.0;server=GENERAL0300000F;cloudType=Consumer;environment=Prod_SoutheastAsia_000j;migrationStage=NotStarted}
{"logTime": "0315/090632", "correlationVector":"jKNwAIuZfPw+jIBL6J1Q4e.1","action":"SyncServerConnectionManagerRequest", "result":"SYNC_SERVER_OK", "context":{"environment":"Prod_SoutheastAsia_000j", "migrationStage":"NotStarted", "server":"GENERAL03000019"}}
{"logTime": "0315/090632", "correlationVector":"jKNwAIuZfPw+jIBL6J1Q4e","action":"Initial GetUpdates", "result":"", "context":Reason: NEW_CLIENT. cV=jKNwAIuZfPw+jIBL6J1Q4e}
{"logTime": "0315/090632", "correlationVector":"jKNwAIuZfPw+jIBL6J1Q4e.2","action":"GetUpdates Response", "result":"SYNCER_OK", "context":Received 1 update(s). cV=jKNwAIuZfPw+jIBL6J1Q4e.0;server=GENERAL03000019;cloudType=Consumer;environment=Prod_SoutheastAsia_000j;migrationStage=NotStarted}
{"logTime": "0315/090632", "correlationVector":"ssvbLw/x1B5hfd29BMv+ff","action":"Initial GetUpdates", "result":"", "context":Reason: NEWLY_SUPPORTED_DATATYPE. cV=ssvbLw/x1B5hfd29BMv+ff}
{"logTime": "0315/090632", "correlationVector":"ssvbLw/x1B5hfd29BMv+ff.1","action":"SyncServerConnectionManagerRequest", "result":"SYNC_SERVER_OK", "context":{"environment":"Prod_SoutheastAsia_000j", "migrationStage":"NotStarted", "server":"GENERAL0300000B"}}
{"logTime": "0315/090632", "correlationVector":"ssvbLw/x1B5hfd29BMv+ff.2","action":"GetUpdates", "result":"DeleteReceived", "context":{"id":"1e63a567-3005-4c10-b9a8-9870642234b1", "isDeleted:":"true", "version":"1688548102224"}}
{"logTime": "0315/090632", "correlationVector":"ssvbLw/x1B5hfd29BMv+ff.3","action":"GetUpdates", "result":"DeleteReceived", "context":{"id":"82d4ce67-7377-4f39-b1e3-a5cb42f6c26e", "isDeleted:":"true", "version":"1691545978373"}}
{"logTime": "0315/090632", "correlationVector":"ssvbLw/x1B5hfd29BMv+ff.4","action":"GetUpdates", "result":"DeleteReceived", "context":{"id":"d554f420-3eed-4bcc-96b5-6203d373cb9f", "isDeleted:":"true", "version":"1692586955242"}}
{"logTime": "0315/090632", "correlationVector":"ssvbLw/x1B5hfd29BMv+ff.5","action":"GetUpdates", "result":"DeleteReceived", "context":{"id":"a4e47529-b70f-4ad5-82a3-ad8f7fc885ec", "isDeleted:":"true", "version":"1694314961375"}}
{"logTime": "0315/090632", "correlationVector":"ssvbLw/x1B5hfd29BMv+ff.6","action":"GetUpdates", "result":"DeleteReceived", "context":{"id":"7f1f2bfb-8f7d-4515-bda8-4a7d5320ceba", "isDeleted:":"true", "version":"1694314961376"}}
{"logTime": "0315/090632", "correlationVector":"ssvbLw/x1B5hfd29BMv+ff.7","action":"GetUpdates", "result":"DeleteReceived", "context":{"id":"0908ea08-7604-44e2-aeda-c827066ea560", "isDeleted:":"true", "version":"1694314973219"}}
{"logTime": "0315/090632", "correlationVector":"ssvbLw/x1B5hfd29BMv+ff.8","action":"GetUpdates Response", "result":"SERVER_MORE_TO_DOWNLOAD", "context":Received 250 update(s).  Some updates remain.}
{"logTime": "0315/090632", "correlationVector":"qcKPGnc5ANQwvzZZCt0zXm","action":"Initial GetUpdates", "result":"", "context":Reason: NEWLY_SUPPORTED_DATATYPE. cV=qcKPGnc5ANQwvzZZCt0zXm}
{"logTime": "0315/090632", "correlationVector":"qcKPGnc5ANQwvzZZCt0zXm.1","action":"SyncServerConnectionManagerRequest", "result":"SYNC_SERVER_OK", "context":{"environment":"Prod_SoutheastAsia_000j", "migrationStage":"NotStarted", "server":"GENERAL0300000S"}}
{"logTime": "0315/090632", "correlationVector":"qcKPGnc5ANQwvzZZCt0zXm.2","action":"GetUpdates Response", "result":"SYNCER_OK", "context":Received 55 update(s). cV=qcKPGnc5ANQwvzZZCt0zXm.0;server=GENERAL0300000S;cloudType=Consumer;environment=Prod_SoutheastAsia_000j;migrationStage=NotStarted}
{"logTime": "0315/090632", "correlationVector":"j1JQFjcV4Wq2LEKAbOUo3N","action":"SyncServerConnectionManagerRequest", "result":"SYNC_SERVER_OK", "context":{"environment":"", "migrationStage":"", "server":""}}
{"logTime": "0315/090632", "correlationVector":"iW64p+3EgIRkq94o1Oyd72","action":"Normal GetUpdate request", "result":"", "context":cV=iW64p+3EgIRkq94o1Oyd72
Nudged types: Sessions, Device Info
Refresh requested types: Bookmarks, Preferences, Passwords, Autofill, Typed URLs, Extensions, Sessions, Extension settings, History Delete Directives, Device Info, User Consents, Send Tab To Self, Web Apps, Collection, Edge E Drop, Edge Hub App Usage, Edge Wallet, Encryption Keys}
{"logTime": "0315/090632", "correlationVector":"iW64p+3EgIRkq94o1Oyd72.1","action":"SyncServerConnectionManagerRequest", "result":"SYNC_SERVER_OK", "context":{"environment":"Prod_SoutheastAsia_000j", "migrationStage":"NotStarted", "server":"GENERAL03000023"}}
{"logTime": "0315/090632", "correlationVector":"iW64p+3EgIRkq94o1Oyd72.2","action":"GetUpdates", "result":"DeleteReceived", "context":{"id":"9ff5533e-8e44-4ee3-8642-8aeaada09b09", "isDeleted:":"true", "version":"1710484284151"}}
{"logTime": "0315/090632", "correlationVector":"iW64p+3EgIRkq94o1Oyd72.3","action":"GetUpdates", "result":"DeleteReceived", "context":{"id":"e29e7fcc-23c1-4cfc-92a9-64bf9eac8a03", "isDeleted:":"true", "version":"1710484284152"}}
{"logTime": "0315/090632", "correlationVector":"iW64p+3EgIRkq94o1Oyd72.4","action":"GetUpdates", "result":"DeleteReceived", "context":{"id":"bdc25f64-884f-4412-9567-6873a98941bd", "isDeleted:":"true", "version":"1710484284154"}}
{"logTime": "0315/090632", "correlationVector":"iW64p+3EgIRkq94o1Oyd72.5","action":"GetUpdates", "result":"DeleteReceived", "context":{"id":"5805d71a-10da-417c-a2fb-9bd40397b665", "isDeleted:":"true", "version":"1710484284155"}}
{"logTime": "0315/090632", "correlationVector":"iW64p+3EgIRkq94o1Oyd72.6","action":"GetUpdates", "result":"DeleteReceived", "context":{"id":"28f2d806-4cc8-42cd-a197-b1c8414443dd", "isDeleted:":"true", "version":"1710484284156"}}
{"logTime": "0315/090632", "correlationVector":"iW64p+3EgIRkq94o1Oyd72.7","action":"GetUpdates", "result":"DeleteReceived", "context":{"id":"f542dc23-0c6a-4941-9659-21c896a041e1", "isDeleted:":"true", "version":"1710484284158"}}
{"logTime": "0315/090632", "correlationVector":"iW64p+3EgIRkq94o1Oyd72.8","action":"GetUpdates", "result":"DeleteReceived", "context":{"id":"25333998-14ee-4b3d-88cf-af3ecdb8887b", "isDeleted:":"true", "version":"1710484284159"}}
{"logTime": "0315/090632", "correlationVector":"iW64p+3EgIRkq94o1Oyd72.9","action":"GetUpdates", "result":"DeleteReceived", "context":{"id":"37064529-5bcb-4470-a810-e1095cba2b43", "isDeleted:":"true", "version":"1710484284160"}}
{"logTime": "0315/090632", "correlationVector":"iW64p+3EgIRkq94o1Oyd72.10","action":"GetUpdates", "result":"DeleteReceived", "context":{"id":"4b19f597-6fb9-4bb5-84a9-77120a34a514", "isDeleted:":"true", "version":"1710484284161"}}
{"logTime": "0315/090632", "correlationVector":"iW64p+3EgIRkq94o1Oyd72.11","action":"GetUpdates", "result":"DeleteReceived", "context":{"id":"97a5c864-6624-408e-b915-eb682085acba", "isDeleted:":"true", "version":"1710484284162"}}
{"logTime": "0315/090632", "correlationVector":"iW64p+3EgIRkq94o1Oyd72.12","action":"GetUpdates", "result":"DeleteReceived", "context":{"id":"65dcb541-9406-4d3d-a082-dc43fdf97e13", "isDeleted:":"true", "version":"1710484893175"}}
{"logTime": "0315/090632", "correlationVector":"iW64p+3EgIRkq94o1Oyd72.13","action":"GetUpdates", "result":"DeleteReceived", "context":{"id":"9df7e3cc-81d8-4173-be5a-ecc1d94425da", "isDeleted:":"true", "version":"1710485414835"}}
{"logTime": "0315/090632", "correlationVector":"iW64p+3EgIRkq94o1Oyd72.14","action":"GetUpdates", "result":"DeleteReceived", "context":{"id":"5ea9e02b-ffc4-4986-aa25-e75dc4995af1", "isDeleted:":"true", "version":"1710485496839"}}
{"logTime": "0315/090632", "correlationVector":"iW64p+3EgIRkq94o1Oyd72.15","action":"GetUpdates", "result":"DeleteReceived", "context":{"id":"5a3e9e66-feae-425c-92a9-09583c9fb910", "isDeleted:":"true", "version":"1710485525033"}}
{"logTime": "0315/090632", "correlationVector":"iW64p+3EgIRkq94o1Oyd72.16","action":"GetUpdates", "result":"DeleteReceived", "context":{"id":"81c0983e-cb28-4d12-86cb-9fc7c796a24f", "isDeleted:":"true", "version":"1710485541515"}}
{"logTime": "0315/090632", "correlationVector":"iW64p+3EgIRkq94o1Oyd72.17","action":"GetUpdates", "result":"DeleteReceived", "context":{"id":"75de755f-843a-4df3-a9e5-da0ea727b73a", "isDeleted:":"true", "version":"1710485626881"}}
{"logTime": "0315/090632", "correlationVector":"iW64p+3EgIRkq94o1Oyd72.18","action":"GetUpdates", "result":"DeleteReceived", "context":{"id":"3df2b211-9db9-4149-88ff-d900e6b9b87c", "isDeleted:":"true", "version":"1710485674963"}}
{"logTime": "0315/090632", "correlationVector":"iW64p+3EgIRkq94o1Oyd72.19","action":"GetUpdates", "result":"DeleteReceived", "context":{"id":"1ae9d36f-9ea0-498e-97f3-662e1cd563cc", "isDeleted:":"true", "version":"1710485674965"}}
{"logTime": "0315/090632", "correlationVector":"iW64p+3EgIRkq94o1Oyd72.20","action":"GetUpdates", "result":"DeleteReceived", "context":{"id":"3fb4925a-bb75-4852-802a-5007e65e9563", "isDeleted:":"true", "version":"1710487038927"}}
{"logTime": "0315/090632", "correlationVector":"iW64p+3EgIRkq94o1Oyd72.21","action":"GetUpdates", "result":"DeleteReceived", "context":{"id":"3709e0f8-8ffa-4812-a09f-9b44996f1520", "isDeleted:":"true", "version":"1710487532607"}}
{"logTime": "0315/090632", "correlationVector":"iW64p+3EgIRkq94o1Oyd72.22","action":"GetUpdates", "result":"DeleteReceived", "context":{"id":"e2477d6f-57e0-441b-8ee4-3e354f93e462", "isDeleted:":"true", "version":"1710488206834"}}
{"logTime": "0315/090632", "correlationVector":"iW64p+3EgIRkq94o1Oyd72.23","action":"GetUpdates", "result":"DeleteReceived", "context":{"id":"0878b9d9-0a48-4a85-b146-22f24d9b08d3", "isDeleted:":"true", "version":"1710488206835"}}
{"logTime": "0315/090632", "correlationVector":"iW64p+3EgIRkq94o1Oyd72.24","action":"GetUpdates", "result":"DeleteReceived", "context":{"id":"bc9c284c-3bd8-4cee-aebe-eb12fb40af05", "isDeleted:":"true", "version":"1710488206836"}}
{"logTime": "0315/090632", "correlationVector":"iW64p+3EgIRkq94o1Oyd72.25","action":"GetUpdates", "result":"DeleteReceived", "context":{"id":"0ea9382b-5995-4033-bf38-d04f88d0d764", "isDeleted:":"true", "version":"1710488206837"}}
{"logTime": "0315/090632", "correlationVector":"iW64p+3EgIRkq94o1Oyd72.26","action":"GetUpdates", "result":"DeleteReceived", "context":{"id":"9b2e82c8-5adc-46f8-b20e-f9da46a43cdd", "isDeleted:":"true", "version":"1710488206838"}}
{"logTime": "0315/090632", "correlationVector":"iW64p+3EgIRkq94o1Oyd72.27","action":"GetUpdates", "result":"DeleteReceived", "context":{"id":"44ce5dbb-5a03-4aa7-b1b4-5241ed8b2ca4", "isDeleted:":"true", "version":"1710488699427"}}
{"logTime": "0315/090632", "correlationVector":"iW64p+3EgIRkq94o1Oyd72.28","action":"GetUpdates", "result":"DeleteReceived", "context":{"id":"fb031014-d4c2-4448-b257-fd897361b45c", "isDeleted:":"true", "version":"1710488699428"}}
{"logTime": "0315/090632", "correlationVector":"iW64p+3EgIRkq94o1Oyd72.29","action":"GetUpdates", "result":"DeleteReceived", "context":{"id":"8ffd17b8-06c3-4a0e-80bc-a8ea50308c2c", "isDeleted:":"true", "version":"1710488699429"}}
{"logTime": "0315/090632", "correlationVector":"iW64p+3EgIRkq94o1Oyd72.30","action":"GetUpdates", "result":"DeleteReceived", "context":{"id":"a9e055c7-df42-4e4c-9caf-844fe8dc5d8b", "isDeleted:":"true", "version":"1710488699430"}}
{"logTime": "0315/090632", "correlationVector":"iW64p+3EgIRkq94o1Oyd72.31","action":"GetUpdates", "result":"DeleteReceived", "context":{"id":"bd90e913-6751-4d60-a9f1-b3bdc286193d", "isDeleted:":"true", "version":"1710488699432"}}
{"logTime": "0315/090632", "correlationVector":"iW64p+3EgIRkq94o1Oyd72.32","action":"GetUpdates", "result":"DeleteReceived", "context":{"id":"e920eea9-f746-4ac2-93b2-f863544c643c", "isDeleted:":"true", "version":"1710488699433"}}
{"logTime": "0315/090632", "correlationVector":"iW64p+3EgIRkq94o1Oyd72.33","action":"GetUpdates", "result":"DeleteReceived", "context":{"id":"e5d080fe-b88e-48bf-9fff-a43e719b816a", "isDeleted:":"true", "version":"1710488699434"}}
{"logTime": "0315/090632", "correlationVector":"iW64p+3EgIRkq94o1Oyd72.34","action":"GetUpdates", "result":"DeleteReceived", "context":{"id":"7c82fc78-46bd-4ac2-aa7b-6cac0090a795", "isDeleted:":"true", "version":"1710488699435"}}
{"logTime": "0315/090632", "correlationVector":"iW64p+3EgIRkq94o1Oyd72.35","action":"GetUpdates", "result":"DeleteReceived", "context":{"id":"3dbf42a6-6d30-4ff1-ae5f-1cb7bf8b4d18", "isDeleted:":"true", "version":"1710488699436"}}
{"logTime": "0315/090632", "correlationVector":"iW64p+3EgIRkq94o1Oyd72.36","action":"GetUpdates", "result":"DeleteReceived", "context":{"id":"b932a4cb-89bf-4073-8227-f74f96a979ba", "isDeleted:":"true", "version":"1710493394894"}}
{"logTime": "0315/090632", "correlationVector":"iW64p+3EgIRkq94o1Oyd72.37","action":"GetUpdates Response", "result":"SYNCER_OK", "context":Received 58 update(s). cV=iW64p+3EgIRkq94o1Oyd72.0;server=GENERAL03000023;cloudType=Consumer;environment=Prod_SoutheastAsia_000j;migrationStage=NotStarted}
{"logTime": "0315/090632", "correlationVector":"0Vslmw1uAtMyXlfzCYtLDI","action":"Poll GetUpdate request", "result":"", "context":cV=0Vslmw1uAtMyXlfzCYtLDI}
{"logTime": "0315/090632", "correlationVector":"0Vslmw1uAtMyXlfzCYtLDI.1","action":"SyncServerConnectionManagerRequest", "result":"SYNC_SERVER_OK", "context":{"environment":"Prod_SoutheastAsia_000j", "migrationStage":"NotStarted", "server":"GENERAL0300000B"}}
{"logTime": "0315/090632", "correlationVector":"0Vslmw1uAtMyXlfzCYtLDI.2","action":"GetUpdates Response", "result":"SYNCER_OK", "context":Received 0 update(s). cV=0Vslmw1uAtMyXlfzCYtLDI.0;server=GENERAL0300000B;cloudType=Consumer;environment=Prod_SoutheastAsia_000j;migrationStage=NotStarted}
{"logTime": "0315/090632", "correlationVector":"qndALmbJFYHtPJsLzaC+mp","action":"Normal GetUpdate request", "result":"", "context":cV=qndALmbJFYHtPJsLzaC+mp
Refresh requested types: Bookmarks, Preferences, Passwords, Autofill, Typed URLs, Extensions, Sessions, Extension settings, History Delete Directives, Device Info, User Consents, Send Tab To Self, Web Apps, Collection, Edge E Drop, Edge Hub App Usage, Edge Wallet, Encryption Keys}
{"logTime": "0315/090632", "correlationVector":"qndALmbJFYHtPJsLzaC+mp.1","action":"SyncServerConnectionManagerRequest", "result":"SYNC_SERVER_OK", "context":{"environment":"Prod_SoutheastAsia_000j", "migrationStage":"NotStarted", "server":"GENERAL0300001V"}}
{"logTime": "0315/090632", "correlationVector":"qndALmbJFYHtPJsLzaC+mp.2","action":"GetUpdates Response", "result":"SYNCER_OK", "context":Received 0 update(s). cV=qndALmbJFYHtPJsLzaC+mp.0;server=GENERAL0300001V;cloudType=Consumer;environment=Prod_SoutheastAsia_000j;migrationStage=NotStarted}
{"logTime": "0315/090657", "correlationVector":"6pfsvxLKcOWZ4Smwxki3+9","action":"Commit Request", "result":"", "context":Item count: 3
Contributing types: Preferences, Sessions}
{"logTime": "0315/090658", "correlationVector":"6pfsvxLKcOWZ4Smwxki3+9.1","action":"SyncServerConnectionManagerRequest", "result":"SYNC_SERVER_OK", "context":{"environment":"Prod_SoutheastAsia_000j", "migrationStage":"NotStarted", "server":"GENERAL0300000A"}}
{"logTime": "0315/090658", "correlationVector":"6pfsvxLKcOWZ4Smwxki3+9.2","action":"Commit Response", "result":"SYNCER_OK", "context":Result: SYNCER_OK. cV=6pfsvxLKcOWZ4Smwxki3+9.0;server=GENERAL0300000A;cloudType=Consumer;environment=Prod_SoutheastAsia_000j;migrationStage=NotStarted}
{"logTime": "0315/090700", "correlationVector":"O7ZDFdwzDvauFOmntn02hk","action":"Commit Request", "result":"", "context":Item count: 3
Contributing types: Preferences, Sessions}
{"logTime": "0315/090701", "correlationVector":"O7ZDFdwzDvauFOmntn02hk.1","action":"SyncServerConnectionManagerRequest", "result":"SYNC_SERVER_OK", "context":{"environment":"Prod_SoutheastAsia_000j", "migrationStage":"NotStarted", "server":"GENERAL0300001V"}}
{"logTime": "0315/090701", "correlationVector":"O7ZDFdwzDvauFOmntn02hk.2","action":"Commit Response", "result":"SYNCER_OK", "context":Result: SYNCER_OK. cV=O7ZDFdwzDvauFOmntn02hk.0;server=GENERAL0300001V;cloudType=Consumer;environment=Prod_SoutheastAsia_000j;migrationStage=NotStarted}
{"logTime": "0315/090727", "correlationVector":"OzwhygDWDbH2NTupn+O28L","action":"Commit Request", "result":"", "context":Item count: 1
Contributing types: Sessions}
{"logTime": "0315/090727", "correlationVector":"OzwhygDWDbH2NTupn+O28L.1","action":"SyncServerConnectionManagerRequest", "result":"SYNC_SERVER_OK", "context":{"environment":"Prod_SoutheastAsia_000j", "migrationStage":"NotStarted", "server":"GENERAL01000008"}}
{"logTime": "0315/090727", "correlationVector":"OzwhygDWDbH2NTupn+O28L.2","action":"Commit Response", "result":"SYNCER_OK", "context":Result: SYNCER_OK. cV=OzwhygDWDbH2NTupn+O28L.0;server=GENERAL01000008;cloudType=Consumer;environment=Prod_SoutheastAsia_000j;migrationStage=NotStarted}
{"logTime": "0315/090811", "correlationVector":"+peQjfk//EsMKi4KyDsNA6","action":"Commit Request", "result":"", "context":Item count: 1
Contributing types: Sessions}
{"logTime": "0315/090812", "correlationVector":"+peQjfk//EsMKi4KyDsNA6.1","action":"SyncServerConnectionManagerRequest", "result":"SYNC_SERVER_OK", "context":{"environment":"Prod_SoutheastAsia_000j", "migrationStage":"NotStarted", "server":"GENERAL0300000S"}}
{"logTime": "0315/090812", "correlationVector":"+peQjfk//EsMKi4KyDsNA6.2","action":"Commit Response", "result":"SYNCER_OK", "context":Result: SYNCER_OK. cV=+peQjfk//EsMKi4KyDsNA6.0;server=GENERAL0300000S;cloudType=Consumer;environment=Prod_SoutheastAsia_000j;migrationStage=NotStarted}
{"logTime": "0315/090839", "correlationVector":"5gxcnQk5SVBAsMYjUMFM7Y","action":"Commit Request", "result":"", "context":Item count: 4
Contributing types: Preferences, Passwords, Sessions}
{"logTime": "0315/090840", "correlationVector":"5gxcnQk5SVBAsMYjUMFM7Y.1","action":"SyncServerConnectionManagerRequest", "result":"SYNC_SERVER_OK", "context":{"environment":"Prod_SoutheastAsia_000j", "migrationStage":"NotStarted", "server":"GENERAL0100000M"}}
{"logTime": "0315/090840", "correlationVector":"5gxcnQk5SVBAsMYjUMFM7Y.2","action":"Commit Response", "result":"SYNCER_OK", "context":Result: SYNCER_OK. cV=5gxcnQk5SVBAsMYjUMFM7Y.0;server=GENERAL0100000M;cloudType=Consumer;environment=Prod_SoutheastAsia_000j;migrationStage=NotStarted}
{"logTime": "0315/090846", "correlationVector":"CYpql/Wuv7+bqf7tBPKCyX","action":"Normal GetUpdate request", "result":"", "context":cV=CYpql/Wuv7+bqf7tBPKCyX
Notified types: Preferences}
{"logTime": "0315/090846", "correlationVector":"CYpql/Wuv7+bqf7tBPKCyX.1","action":"SyncServerConnectionManagerRequest", "result":"SYNC_SERVER_OK", "context":{"environment":"Prod_SoutheastAsia_000j", "migrationStage":"NotStarted", "server":"GENERAL01000002"}}
{"logTime": "0315/090846", "correlationVector":"CYpql/Wuv7+bqf7tBPKCyX.2","action":"GetUpdates Response", "result":"SYNCER_OK", "context":Received 8 update(s). cV=CYpql/Wuv7+bqf7tBPKCyX.0;server=GENERAL01000002;cloudType=Consumer;environment=Prod_SoutheastAsia_000j;migrationStage=NotStarted}
{"logTime": "0315/090848", "correlationVector":"CVYoFvcdAV2vdSo+pS7Hdc","action":"Commit Request", "result":"", "context":Item count: 2
Contributing types: Preferences, Passwords}
{"logTime": "0315/090848", "correlationVector":"CVYoFvcdAV2vdSo+pS7Hdc.1","action":"SyncServerConnectionManagerRequest", "result":"SYNC_SERVER_OK", "context":{"environment":"Prod_SoutheastAsia_000j", "migrationStage":"NotStarted", "server":"GENERAL0300001P"}}
{"logTime": "0315/090848", "correlationVector":"CVYoFvcdAV2vdSo+pS7Hdc.2","action":"Commit Response", "result":"SYNCER_OK", "context":Result: SYNCER_OK. cV=CVYoFvcdAV2vdSo+pS7Hdc.0;server=GENERAL0300001P;cloudType=Consumer;environment=Prod_SoutheastAsia_000j;migrationStage=NotStarted}
{"logTime": "0315/090854", "correlationVector":"hfbdz10962F2G0m44fxgTD","action":"Normal GetUpdate request", "result":"", "context":cV=hfbdz10962F2G0m44fxgTD
Notified types: Preferences}
{"logTime": "0315/090855", "correlationVector":"hfbdz10962F2G0m44fxgTD.1","action":"SyncServerConnectionManagerRequest", "result":"SYNC_SERVER_OK", "context":{"environment":"Prod_SoutheastAsia_000j", "migrationStage":"NotStarted", "server":"GENERAL0100001F"}}
{"logTime": "0315/090855", "correlationVector":"hfbdz10962F2G0m44fxgTD.2","action":"GetUpdates Response", "result":"SYNCER_OK", "context":Received 2 update(s). cV=hfbdz10962F2G0m44fxgTD.0;server=GENERAL0100001F;cloudType=Consumer;environment=Prod_SoutheastAsia_000j;migrationStage=NotStarted}
{"logTime": "0315/090914", "correlationVector":"dvuhywdaGw/1c9lcmKDEUO","action":"Commit Request", "result":"", "context":Item count: 6
Contributing types: Preferences, Typed URLs, Sessions}
{"logTime": "0315/090915", "correlationVector":"dvuhywdaGw/1c9lcmKDEUO.1","action":"SyncServerConnectionManagerRequest", "result":"SYNC_SERVER_OK", "context":{"environment":"Prod_SoutheastAsia_000j", "migrationStage":"NotStarted", "server":"GENERAL0100000D"}}
{"logTime": "0315/090915", "correlationVector":"dvuhywdaGw/1c9lcmKDEUO.2","action":"Commit Response", "result":"SYNCER_OK", "context":Result: SYNCER_OK. cV=dvuhywdaGw/1c9lcmKDEUO.0;server=GENERAL0100000D;cloudType=Consumer;environment=Prod_SoutheastAsia_000j;migrationStage=NotStarted}
{"logTime": "0315/090922", "correlationVector":"Ia4/yGBMYBBG3Yw1FGUd54","action":"Normal GetUpdate request", "result":"", "context":cV=Ia4/yGBMYBBG3Yw1FGUd54
Nudged types: Sessions
Notified types: Preferences}
{"logTime": "0315/090924", "correlationVector":"Ia4/yGBMYBBG3Yw1FGUd54.1","action":"SyncServerConnectionManagerRequest", "result":"SYNC_SERVER_OK", "context":{"environment":"Prod_SoutheastAsia_000j", "migrationStage":"NotStarted", "server":"GENERAL0300001W"}}
{"logTime": "0315/090924", "correlationVector":"Ia4/yGBMYBBG3Yw1FGUd54.2","action":"GetUpdates Response", "result":"SYNCER_OK", "context":Received 8 update(s). cV=Ia4/yGBMYBBG3Yw1FGUd54.0;server=GENERAL0300001W;cloudType=Consumer;environment=Prod_SoutheastAsia_000j;migrationStage=NotStarted}
{"logTime": "0315/090924", "correlationVector":"Uyu+kEIWkDjv6RRcrwbRgx","action":"Commit Request", "result":"", "context":Item count: 2
Contributing types: Sessions}
{"logTime": "0315/090925", "correlationVector":"Uyu+kEIWkDjv6RRcrwbRgx.1","action":"SyncServerConnectionManagerRequest", "result":"SYNC_SERVER_OK", "context":{"environment":"Prod_SoutheastAsia_000j", "migrationStage":"NotStarted", "server":"general0100000I"}}
{"logTime": "0315/090925", "correlationVector":"Uyu+kEIWkDjv6RRcrwbRgx.3","action":"Commit.Sessions", "result":"Success", "context":{"id":"3704f355-d2c2-461c-ba12-a31750432a9a", "isDeleted":"true", "size":"0", "version":"1710493757849"}}
{"logTime": "0315/090925", "correlationVector":"Uyu+kEIWkDjv6RRcrwbRgx.2","action":"Commit Response", "result":"SYNCER_OK", "context":Result: SYNCER_OK. cV=Uyu+kEIWkDjv6RRcrwbRgx.0;server=general0100000I;cloudType=Consumer;environment=Prod_SoutheastAsia_000j;migrationStage=NotStarted}
{"logTime": "0315/090943", "correlationVector":"q1uHfuz1N7EfsTBcmlGxjn","action":"Commit Request", "result":"", "context":Item count: 3
Contributing types: Preferences}
{"logTime": "0315/090943", "correlationVector":"q1uHfuz1N7EfsTBcmlGxjn.1","action":"SyncServerConnectionManagerRequest", "result":"SYNC_SERVER_OK", "context":{"environment":"Prod_SoutheastAsia_000j", "migrationStage":"NotStarted", "server":"GENERAL01000019"}}
{"logTime": "0315/090943", "correlationVector":"q1uHfuz1N7EfsTBcmlGxjn.2","action":"Commit Response", "result":"SYNCER_OK", "context":Result: SYNCER_OK. cV=q1uHfuz1N7EfsTBcmlGxjn.0;server=GENERAL01000019;cloudType=Consumer;environment=Prod_SoutheastAsia_000j;migrationStage=NotStarted}
{"logTime": "0315/090945", "correlationVector":"PGkjJtWU8oZylEa8aVdgOQ","action":"Normal GetUpdate request", "result":"", "context":cV=PGkjJtWU8oZylEa8aVdgOQ
Notified types: Preferences}
{"logTime": "0315/090945", "correlationVector":"PGkjJtWU8oZylEa8aVdgOQ.1","action":"SyncServerConnectionManagerRequest", "result":"SYNC_SERVER_OK", "context":{"environment":"Prod_SoutheastAsia_000j", "migrationStage":"NotStarted", "server":"GENERAL0300002C"}}
{"logTime": "0315/090945", "correlationVector":"PGkjJtWU8oZylEa8aVdgOQ.2","action":"GetUpdates", "result":"DeleteReceived", "context":{"id":"3704f355-d2c2-461c-ba12-a31750432a9a", "isDeleted:":"true", "version":"1710493768057"}}
{"logTime": "0315/090945", "correlationVector":"PGkjJtWU8oZylEa8aVdgOQ.3","action":"GetUpdates Response", "result":"SYNCER_OK", "context":Received 6 update(s). cV=PGkjJtWU8oZylEa8aVdgOQ.0;server=GENERAL0300002C;cloudType=Consumer;environment=Prod_SoutheastAsia_000j;migrationStage=NotStarted}
{"logTime": "0315/091015", "correlationVector":"OWC6BsaGApWc2HOjeCCuY1","action":"Commit Request", "result":"", "context":Item count: 1
Contributing types: Preferences}
{"logTime": "0315/091016", "correlationVector":"OWC6BsaGApWc2HOjeCCuY1.1","action":"SyncServerConnectionManagerRequest", "result":"SYNC_SERVER_OK", "context":{"environment":"Prod_SoutheastAsia_000j", "migrationStage":"NotStarted", "server":"general01000016"}}
{"logTime": "0315/091016", "correlationVector":"OWC6BsaGApWc2HOjeCCuY1.2","action":"Commit Response", "result":"SYNCER_OK", "context":Result: SYNCER_OK. cV=OWC6BsaGApWc2HOjeCCuY1.0;server=general01000016;cloudType=Consumer;environment=Prod_SoutheastAsia_000j;migrationStage=NotStarted}
{"logTime": "0315/091125", "correlationVector":"ico1mGfGyk7Xdnq/sdNnjA","action":"Normal GetUpdate request", "result":"", "context":cV=ico1mGfGyk7Xdnq/sdNnjA
Refresh requested types: Bookmarks, Preferences, Passwords, Autofill, Typed URLs, Extensions, Sessions, Extension settings, History Delete Directives, Device Info, User Consents, Send Tab To Self, Web Apps, Collection, Edge E Drop, Edge Hub App Usage, Edge Wallet, Encryption Keys}
{"logTime": "0315/091126", "correlationVector":"ico1mGfGyk7Xdnq/sdNnjA.1","action":"SyncServerConnectionManagerRequest", "result":"SYNC_SERVER_OK", "context":{"environment":"Prod_SoutheastAsia_000j", "migrationStage":"NotStarted", "server":"GENERAL03000000"}}
{"logTime": "0315/091126", "correlationVector":"ico1mGfGyk7Xdnq/sdNnjA.2","action":"GetUpdates Response", "result":"SYNCER_OK", "context":Received 3 update(s). cV=ico1mGfGyk7Xdnq/sdNnjA.0;server=GENERAL03000000;cloudType=Consumer;environment=Prod_SoutheastAsia_000j;migrationStage=NotStarted}
{"logTime": "0315/092059", "correlationVector":"Rxt3lfCalKLjrT1YFF33/W","action":"Commit Request", "result":"", "context":Item count: 1
Contributing types: Sessions}
{"logTime": "0315/092059", "correlationVector":"Rxt3lfCalKLjrT1YFF33/W.1","action":"SyncServerConnectionManagerRequest", "result":"SYNC_SERVER_OK", "context":{"environment":"Prod_SoutheastAsia_000j", "migrationStage":"NotStarted", "server":"GENERAL03000019"}}
{"logTime": "0315/092059", "correlationVector":"Rxt3lfCalKLjrT1YFF33/W.2","action":"Commit Response", "result":"SYNCER_OK", "context":Result: SYNCER_OK. cV=Rxt3lfCalKLjrT1YFF33/W.0;server=GENERAL03000019;cloudType=Consumer;environment=Prod_SoutheastAsia_000j;migrationStage=NotStarted}
{"logTime": "0315/092151", "correlationVector":"hAXQfUMbF5LSPLAZc2SilO","action":"Commit Request", "result":"", "context":Item count: 1
Contributing types: Sessions}
{"logTime": "0315/092151", "correlationVector":"hAXQfUMbF5LSPLAZc2SilO.1","action":"SyncServerConnectionManagerRequest", "result":"SYNC_SERVER_OK", "context":{"environment":"Prod_SoutheastAsia_000j", "migrationStage":"NotStarted", "server":"GENERAL0100000A"}}
{"logTime": "0315/092151", "correlationVector":"hAXQfUMbF5LSPLAZc2SilO.2","action":"Commit Response", "result":"SYNCER_OK", "context":Result: SYNCER_OK. cV=hAXQfUMbF5LSPLAZc2SilO.0;server=GENERAL0100000A;cloudType=Consumer;environment=Prod_SoutheastAsia_000j;migrationStage=NotStarted}
{"logTime": "0315/092327", "correlationVector":"XjxU4lPHLdachBKSq0ErJB","action":"Commit Request", "result":"", "context":Item count: 1
Contributing types: Sessions}
{"logTime": "0315/092327", "correlationVector":"XjxU4lPHLdachBKSq0ErJB.1","action":"SyncServerConnectionManagerRequest", "result":"SYNC_SERVER_OK", "context":{"environment":"Prod_SoutheastAsia_000j", "migrationStage":"NotStarted", "server":"GENERAL0300000S"}}
{"logTime": "0315/092327", "correlationVector":"XjxU4lPHLdachBKSq0ErJB.2","action":"Commit Response", "result":"SYNCER_OK", "context":Result: SYNCER_OK. cV=XjxU4lPHLdachBKSq0ErJB.0;server=GENERAL0300000S;cloudType=Consumer;environment=Prod_SoutheastAsia_000j;migrationStage=NotStarted}
